2022-04-13 13:28:55,397 INFO - helpers.log_helper - Finished configuring logger.
2022-04-13 13:28:55,449 INFO - __main__ - Finished generating dataset
2022-04-13 13:28:56,139 INFO - models.notears - Model summary:
2022-04-13 13:28:56,139 INFO - models.notears - ---------
2022-04-13 13:28:56,139 INFO - models.notears - Variables: name (type shape) [size]
2022-04-13 13:28:56,139 INFO - models.notears - ---------
2022-04-13 13:28:56,139 INFO - models.notears - Variable:0 (float32 300x300) [90000, bytes: 360000]
2022-04-13 13:28:56,139 INFO - models.notears - Total size of variables: 90000
2022-04-13 13:28:56,139 INFO - models.notears - Total bytes of variables: 360000
2022-04-13 13:28:56,183 INFO - trainers.al_trainer - Started training for 20 iterations
2022-04-13 13:28:56,183 INFO - trainers.al_trainer - rho 1.000E+00, alpha 0.000E+00
2022-04-13 13:29:04,968 INFO - trainers.al_trainer - [Iter 1] loss 1.099E+02, mse 4.282E+05, acyclic 2.385E+00, shd 215, tpr 0.542, fdr 0.357, pred_size 252
2022-04-13 13:29:04,973 INFO - trainers.al_trainer - rho 1.000E+00, alpha 2.385E+00
2022-04-13 13:29:13,098 INFO - trainers.al_trainer - rho 1.000E+01, alpha 2.385E+00
2022-04-13 13:29:21,211 INFO - trainers.al_trainer - [Iter 2] loss 1.174E+02, mse 4.570E+05, acyclic 5.857E-01, shd 131, tpr 0.602, fdr 0.072, pred_size 194
2022-04-13 13:29:21,212 INFO - trainers.al_trainer - rho 1.000E+01, alpha 8.242E+00
2022-04-13 13:29:29,167 INFO - trainers.al_trainer - rho 1.000E+02, alpha 8.242E+00
2022-04-13 13:29:37,081 INFO - trainers.al_trainer - rho 1.000E+03, alpha 8.242E+00
2022-04-13 13:29:45,022 INFO - trainers.al_trainer - [Iter 3] loss 1.252E+02, mse 4.941E+05, acyclic 5.042E-02, shd 93, tpr 0.699, fdr 0.019, pred_size 213
2022-04-13 13:29:45,023 INFO - trainers.al_trainer - rho 1.000E+03, alpha 5.866E+01
2022-04-13 13:29:52,998 INFO - trainers.al_trainer - rho 1.000E+04, alpha 5.866E+01
2022-04-13 13:30:01,152 INFO - trainers.al_trainer - rho 1.000E+05, alpha 5.866E+01
2022-04-13 13:30:09,296 INFO - trainers.al_trainer - [Iter 4] loss 1.309E+02, mse 5.188E+05, acyclic 4.425E-03, shd 87, tpr 0.726, fdr 0.031, pred_size 224
2022-04-13 13:30:09,297 INFO - trainers.al_trainer - rho 1.000E+05, alpha 5.012E+02
2022-04-13 13:30:17,441 INFO - trainers.al_trainer - rho 1.000E+06, alpha 5.012E+02
2022-04-13 13:30:25,586 INFO - trainers.al_trainer - [Iter 5] loss 1.335E+02, mse 5.298E+05, acyclic 1.038E-03, shd 87, tpr 0.726, fdr 0.031, pred_size 224
2022-04-13 13:30:25,587 INFO - trainers.al_trainer - rho 1.000E+06, alpha 1.539E+03
2022-04-13 13:30:33,725 INFO - trainers.al_trainer - rho 1.000E+07, alpha 1.539E+03
2022-04-13 13:30:41,871 INFO - trainers.al_trainer - rho 1.000E+08, alpha 1.539E+03
2022-04-13 13:30:50,033 INFO - trainers.al_trainer - [Iter 6] loss 1.358E+02, mse 5.430E+05, acyclic 3.052E-05, shd 86, tpr 0.729, fdr 0.031, pred_size 225
2022-04-13 13:30:50,034 INFO - trainers.al_trainer - rho 1.000E+08, alpha 4.591E+03
2022-04-13 13:30:58,187 INFO - trainers.al_trainer - rho 1.000E+09, alpha 4.591E+03
2022-04-13 13:31:06,311 INFO - trainers.al_trainer - [Iter 7] loss 1.365E+02, mse 5.461E+05, acyclic 0.000E+00, shd 86, tpr 0.729, fdr 0.031, pred_size 225
2022-04-13 13:31:06,312 INFO - trainers.al_trainer - Early stopping at 7-th iteration
2022-04-13 13:31:06,354 INFO - trainers.al_trainer - Model saved to output/n_2000_d_300_e_180_SF/2022-04-14_02-28-55-397/model/
2022-04-13 13:31:06,355 INFO - __main__ - Finished training model
2022-04-13 13:31:06,524 INFO - __main__ - Thresholding.
2022-04-13 13:31:06,675 INFO - __main__ - Results after thresholding by 0.3: {'fdr': 0.03111111111111111, 'tpr': 0.7290969899665551, 'fpr': 0.00015712329689569258, 'shd': 86, 'pred_size': 225}
2022-04-13 13:31:06,675 INFO - __main__ - The time used to execute this is given below
2022-04-13 13:31:06,675 INFO - __main__ - 133.00133514404297
