2022-04-17 16:54:14,165 INFO - helpers.log_helper - Finished configuring logger.
2022-04-17 16:54:14,168 INFO - __main__ - Finished generating dataset
2022-04-17 16:54:14,938 INFO - models.notears - Model summary:
2022-04-17 16:54:14,938 INFO - models.notears - ---------
2022-04-17 16:54:14,939 INFO - models.notears - Variables: name (type shape) [size]
2022-04-17 16:54:14,939 INFO - models.notears - ---------
2022-04-17 16:54:14,940 INFO - models.notears - Variable:0 (float32 9x9) [81, bytes: 324]
2022-04-17 16:54:14,940 INFO - models.notears - Total size of variables: 81
2022-04-17 16:54:14,941 INFO - models.notears - Total bytes of variables: 324
2022-04-17 16:54:14,988 INFO - trainers.al_trainer - Started training for 20 iterations
2022-04-17 16:54:14,989 INFO - trainers.al_trainer - rho 1.000E+00, alpha 0.000E+00
2022-04-17 16:54:18,423 INFO - trainers.al_trainer - [Iter 1] loss 2.433E+04, mse 5.012E+07, acyclic 3.116E-01, shd 24, tpr 0.750, fdr 0.818, pred_size 33
2022-04-17 16:54:18,424 INFO - trainers.al_trainer - rho 1.000E+00, alpha 3.116E-01
2022-04-17 16:54:21,162 INFO - trainers.al_trainer - rho 1.000E+01, alpha 3.116E-01
2022-04-17 16:54:24,269 INFO - trainers.al_trainer - rho 1.000E+02, alpha 3.116E-01
2022-04-17 16:54:27,554 INFO - trainers.al_trainer - rho 1.000E+03, alpha 3.116E-01
2022-04-17 16:54:30,983 INFO - trainers.al_trainer - rho 1.000E+04, alpha 3.116E-01
2022-04-17 16:54:34,418 INFO - trainers.al_trainer - rho 1.000E+05, alpha 3.116E-01
2022-04-17 16:54:37,862 INFO - trainers.al_trainer - rho 1.000E+06, alpha 3.116E-01
2022-04-17 16:54:41,319 INFO - trainers.al_trainer - [Iter 2] loss 2.048E+04, mse 4.029E+07, acyclic 4.292E-02, shd 21, tpr 0.875, fdr 0.750, pred_size 28
2022-04-17 16:54:41,319 INFO - trainers.al_trainer - rho 1.000E+06, alpha 4.292E+04
2022-04-17 16:54:45,040 INFO - trainers.al_trainer - rho 1.000E+07, alpha 4.292E+04
2022-04-17 16:54:48,758 INFO - trainers.al_trainer - [Iter 3] loss 2.214E+04, mse 4.434E+07, acyclic 7.615E-03, shd 21, tpr 0.875, fdr 0.750, pred_size 28
2022-04-17 16:54:48,759 INFO - trainers.al_trainer - rho 1.000E+07, alpha 1.191E+05
2022-04-17 16:54:52,722 INFO - trainers.al_trainer - rho 1.000E+08, alpha 1.191E+05
2022-04-17 16:54:56,743 INFO - trainers.al_trainer - [Iter 4] loss 2.275E+04, mse 4.619E+07, acyclic 1.625E-03, shd 24, tpr 0.750, fdr 0.793, pred_size 29
2022-04-17 16:54:56,751 INFO - trainers.al_trainer - rho 1.000E+08, alpha 2.816E+05
2022-04-17 16:55:00,786 INFO - trainers.al_trainer - rho 1.000E+09, alpha 2.816E+05
2022-04-17 16:55:04,807 INFO - trainers.al_trainer - [Iter 5] loss 2.302E+04, mse 4.708E+07, acyclic 3.595E-04, shd 24, tpr 0.750, fdr 0.793, pred_size 29
2022-04-17 16:55:04,808 INFO - trainers.al_trainer - rho 1.000E+09, alpha 6.411E+05
2022-04-17 16:55:08,840 INFO - trainers.al_trainer - rho 1.000E+10, alpha 6.411E+05
2022-04-17 16:55:12,849 INFO - trainers.al_trainer - [Iter 6] loss 2.306E+04, mse 4.750E+07, acyclic 4.768E-06, shd 24, tpr 0.750, fdr 0.793, pred_size 29
2022-04-17 16:55:12,850 INFO - trainers.al_trainer - rho 1.000E+10, alpha 6.888E+05
2022-04-17 16:55:16,868 INFO - trainers.al_trainer - rho 1.000E+11, alpha 6.888E+05
2022-04-17 16:55:20,892 INFO - trainers.al_trainer - rho 1.000E+12, alpha 6.888E+05
2022-04-17 16:55:24,915 INFO - trainers.al_trainer - rho 1.000E+13, alpha 6.888E+05
2022-04-17 16:55:28,961 INFO - trainers.al_trainer - [Iter 7] loss 2.941E+04, mse 5.947E+07, acyclic -1.049E-05, shd 22, tpr 0.625, fdr 0.800, pred_size 25
2022-04-17 16:55:28,962 INFO - trainers.al_trainer - Early stopping at 7-th iteration
2022-04-17 16:55:29,003 INFO - trainers.al_trainer - Model saved to output/concrete/2022-04-18_05-54-14-165/model/
2022-04-17 16:55:29,004 INFO - __main__ - Finished training model
2022-04-17 16:55:29,333 INFO - __main__ - Results: {'fdr': 0.8888888888888888, 'tpr': 1.0, 'fpr': 2.2857142857142856, 'shd': 36, 'pred_size': 72}
2022-04-17 16:55:29,634 INFO - __main__ - Results after thresholding by 0.3: {'fdr': 0.8, 'tpr': 0.625, 'fpr': 0.7142857142857143, 'shd': 22, 'pred_size': 25}
2022-04-17 16:55:29,638 INFO - __main__ - The time used to execute this is given below
2022-04-17 16:55:29,638 INFO - __main__ - 77.05200934410095
