2022-07-07 00:24:02,913 INFO - helpers.log_helper - Finished configuring logger.
2022-07-07 00:24:02,969 INFO - __main__ - Finished generating dataset
2022-07-07 00:24:03,753 INFO - models.notears - Model summary:
2022-07-07 00:24:03,754 INFO - models.notears - ---------
2022-07-07 00:24:03,754 INFO - models.notears - Variables: name (type shape) [size]
2022-07-07 00:24:03,755 INFO - models.notears - ---------
2022-07-07 00:24:03,755 INFO - models.notears - Variable:0 (float32 224x224) [50176, bytes: 200704]
2022-07-07 00:24:03,756 INFO - models.notears - Total size of variables: 50176
2022-07-07 00:24:03,756 INFO - models.notears - Total bytes of variables: 200704
2022-07-07 00:24:03,807 INFO - trainers.al_trainer - Started training for 2 iterations
2022-07-07 00:24:03,808 INFO - trainers.al_trainer - rho 1.000E+00, alpha 0.000E+00
2022-07-07 00:24:13,925 INFO - trainers.al_trainer - [Iter 1] loss 1.514E+14, mse 7.540E+17, acyclic 1.126E+00, shd 4820, tpr 0.077, fdr 0.992, pred_size 4489
2022-07-07 00:24:13,926 INFO - trainers.al_trainer - rho 1.000E+00, alpha 1.126E+00
2022-07-07 00:24:24,887 INFO - trainers.al_trainer - rho 2.000E+00, alpha 1.126E+00
2022-07-07 00:24:37,585 INFO - trainers.al_trainer - rho 4.000E+00, alpha 1.126E+00
2022-07-07 00:24:50,690 INFO - trainers.al_trainer - rho 8.000E+00, alpha 1.126E+00
2022-07-07 00:25:04,118 INFO - trainers.al_trainer - rho 1.600E+01, alpha 1.126E+00
2022-07-07 00:25:17,850 INFO - trainers.al_trainer - rho 3.200E+01, alpha 1.126E+00
2022-07-07 00:25:31,664 INFO - trainers.al_trainer - rho 6.400E+01, alpha 1.126E+00
2022-07-07 00:25:45,813 INFO - trainers.al_trainer - rho 1.280E+02, alpha 1.126E+00
2022-07-07 00:25:59,979 INFO - trainers.al_trainer - rho 2.560E+02, alpha 1.126E+00
2022-07-07 00:26:13,878 INFO - trainers.al_trainer - rho 5.120E+02, alpha 1.126E+00
2022-07-07 00:26:27,319 INFO - trainers.al_trainer - rho 1.024E+03, alpha 1.126E+00
2022-07-07 00:26:40,529 INFO - trainers.al_trainer - rho 2.048E+03, alpha 1.126E+00
2022-07-07 00:26:53,925 INFO - trainers.al_trainer - rho 4.096E+03, alpha 1.126E+00
2022-07-07 00:27:07,558 INFO - trainers.al_trainer - rho 8.192E+03, alpha 1.126E+00
2022-07-07 00:27:21,410 INFO - trainers.al_trainer - rho 1.638E+04, alpha 1.126E+00
2022-07-07 00:27:35,319 INFO - trainers.al_trainer - rho 3.277E+04, alpha 1.126E+00
2022-07-07 00:27:51,007 INFO - trainers.al_trainer - rho 6.554E+04, alpha 1.126E+00
2022-07-07 00:28:06,566 INFO - trainers.al_trainer - rho 1.311E+05, alpha 1.126E+00
2022-07-07 00:28:22,228 INFO - trainers.al_trainer - rho 2.621E+05, alpha 1.126E+00
2022-07-07 00:28:38,210 INFO - trainers.al_trainer - rho 5.243E+05, alpha 1.126E+00
2022-07-07 00:28:54,025 INFO - trainers.al_trainer - rho 1.049E+06, alpha 1.126E+00
2022-07-07 00:29:09,769 INFO - trainers.al_trainer - rho 2.097E+06, alpha 1.126E+00
2022-07-07 00:29:15,550 INFO - trainers.al_trainer - [Iter 2] loss NAN, mse NAN, acyclic NAN, shd 24976, tpr 1.000, fdr 0.991, pred_size 49952
2022-07-07 00:29:15,597 INFO - trainers.al_trainer - Model saved to output/2022-07-07_00-24-02-913/model/
2022-07-07 00:29:15,599 INFO - __main__ - Finished training model
2022-07-07 00:29:15,976 INFO - __main__ - Thresholding.
2022-07-07 00:29:16,336 INFO - __main__ - Results after thresholding by 0.3: {'fdr': 0.9909312940422806, 'tpr': 1.0, 'fpr': 2.0184724544305346, 'shd': 24976, 'pred_size': 49952}
