2022-06-28 05:03:31,196 INFO - helpers.log_helper - Finished configuring logger.
2022-06-28 05:03:31,241 INFO - __main__ - Finished generating dataset
2022-06-28 05:03:31,972 INFO - models.notears - Model summary:
2022-06-28 05:03:31,973 INFO - models.notears - ---------
2022-06-28 05:03:31,973 INFO - models.notears - Variables: name (type shape) [size]
2022-06-28 05:03:31,974 INFO - models.notears - ---------
2022-06-28 05:03:31,974 INFO - models.notears - Variable:0 (float32 224x224) [50176, bytes: 200704]
2022-06-28 05:03:31,975 INFO - models.notears - Total size of variables: 50176
2022-06-28 05:03:31,975 INFO - models.notears - Total bytes of variables: 200704
2022-06-28 05:03:32,022 INFO - trainers.al_trainer - Started training for 2 iterations
2022-06-28 05:03:32,023 INFO - trainers.al_trainer - rho 1.000E+00, alpha 0.000E+00
2022-06-28 05:03:40,155 INFO - trainers.al_trainer - [Iter 1] loss 1.514E+14, mse 7.540E+17, acyclic 1.126E+00, shd 4820, tpr 0.077, fdr 0.992, pred_size 4489
2022-06-28 05:03:40,156 INFO - trainers.al_trainer - rho 1.000E+00, alpha 1.126E+00
2022-06-28 05:03:48,782 INFO - trainers.al_trainer - rho 1.000E+01, alpha 1.126E+00
2022-06-28 05:03:57,930 INFO - trainers.al_trainer - rho 1.000E+02, alpha 1.126E+00
2022-06-28 05:04:07,391 INFO - trainers.al_trainer - rho 1.000E+03, alpha 1.126E+00
2022-06-28 05:04:17,054 INFO - trainers.al_trainer - rho 1.000E+04, alpha 1.126E+00
2022-06-28 05:04:27,000 INFO - trainers.al_trainer - rho 1.000E+05, alpha 1.126E+00
2022-06-28 05:04:37,004 INFO - trainers.al_trainer - rho 1.000E+06, alpha 1.126E+00
2022-06-28 05:04:47,301 INFO - trainers.al_trainer - rho 1.000E+07, alpha 1.126E+00
2022-06-28 05:04:57,576 INFO - trainers.al_trainer - rho 1.000E+08, alpha 1.126E+00
2022-06-28 05:05:01,897 INFO - trainers.al_trainer - [Iter 2] loss NAN, mse NAN, acyclic NAN, shd 24976, tpr 1.000, fdr 0.991, pred_size 49952
2022-06-28 05:05:01,940 INFO - trainers.al_trainer - Model saved to output/2022-06-28_05-03-31-196/model/
2022-06-28 05:05:01,941 INFO - __main__ - Finished training model
2022-06-28 05:05:02,287 INFO - __main__ - Thresholding.
2022-06-28 05:05:02,620 INFO - __main__ - Results after thresholding by 5: {'fdr': 0.9909312940422806, 'tpr': 1.0, 'fpr': 2.0184724544305346, 'shd': 24976, 'pred_size': 49952}
2022-06-28 05:08:18,621 INFO - helpers.log_helper - Finished configuring logger.
2022-06-28 05:08:27,324 INFO - helpers.log_helper - Finished configuring logger.
2022-06-28 05:08:27,388 INFO - __main__ - Finished generating dataset
2022-06-28 05:08:33,589 INFO - models.notears - Model summary:
2022-06-28 05:08:33,590 INFO - models.notears - ---------
2022-06-28 05:08:33,591 INFO - models.notears - Variables: name (type shape) [size]
2022-06-28 05:08:33,592 INFO - models.notears - ---------
2022-06-28 05:08:33,593 INFO - models.notears - Variable:0 (float32 224x224) [50176, bytes: 200704]
2022-06-28 05:08:33,594 INFO - models.notears - Total size of variables: 50176
2022-06-28 05:08:33,595 INFO - models.notears - Total bytes of variables: 200704
2022-06-28 05:08:33,642 INFO - trainers.al_trainer - Started training for 2 iterations
2022-06-28 05:08:33,644 INFO - trainers.al_trainer - rho 1.000E+00, alpha 0.000E+00
2022-06-28 05:08:40,973 INFO - trainers.al_trainer - [Iter 1] loss 1.514E+14, mse 7.540E+17, acyclic 1.126E+00, shd 453, tpr 0.000, fdr 0.000, pred_size 0
2022-06-28 05:08:40,975 INFO - trainers.al_trainer - rho 1.000E+00, alpha 1.126E+00
2022-06-28 05:08:49,279 INFO - trainers.al_trainer - rho 1.000E+01, alpha 1.126E+00
2022-06-28 05:08:58,101 INFO - trainers.al_trainer - rho 1.000E+02, alpha 1.126E+00
2022-06-28 05:09:07,230 INFO - trainers.al_trainer - rho 1.000E+03, alpha 1.126E+00
2022-06-28 05:09:16,580 INFO - trainers.al_trainer - rho 1.000E+04, alpha 1.126E+00
2022-06-28 05:09:26,225 INFO - trainers.al_trainer - rho 1.000E+05, alpha 1.126E+00
2022-06-28 05:09:35,933 INFO - trainers.al_trainer - rho 1.000E+06, alpha 1.126E+00
2022-06-28 05:09:45,939 INFO - trainers.al_trainer - rho 1.000E+07, alpha 1.126E+00
2022-06-28 05:09:55,949 INFO - trainers.al_trainer - rho 1.000E+08, alpha 1.126E+00
2022-06-28 05:09:59,961 INFO - trainers.al_trainer - [Iter 2] loss NAN, mse NAN, acyclic NAN, shd 24976, tpr 1.000, fdr 0.991, pred_size 49952
2022-06-28 05:10:00,005 INFO - trainers.al_trainer - Model saved to output/2022-06-28_05-08-27-324/model/
2022-06-28 05:10:00,008 INFO - __main__ - Finished training model
2022-06-28 05:10:00,373 INFO - __main__ - Thresholding.
2022-06-28 05:10:00,702 INFO - __main__ - Results after thresholding by 5: {'fdr': 0.9909312940422806, 'tpr': 1.0, 'fpr': 2.0184724544305346, 'shd': 24976, 'pred_size': 49952}
2022-06-28 05:10:22,177 INFO - helpers.log_helper - Finished configuring logger.
2022-06-28 05:10:42,723 INFO - helpers.log_helper - Finished configuring logger.
2022-06-28 05:10:42,780 INFO - __main__ - Finished generating dataset
2022-06-28 05:11:50,789 INFO - __main__ - Thresholding.
2022-06-28 05:11:51,214 INFO - __main__ - Results after thresholding by 8: {'fdr': 0.9909312940422806, 'tpr': 1.0, 'fpr': 2.0184724544305346, 'shd': 24976, 'pred_size': 49952}
2022-06-28 05:13:47,232 INFO - trainers.al_trainer - Started training for 1 iterations
2022-06-28 05:13:47,234 INFO - trainers.al_trainer - rho 1.000E+00, alpha 0.000E+00
2022-06-28 05:13:54,740 INFO - trainers.al_trainer - [Iter 1] loss 1.514E+14, mse 7.540E+17, acyclic 1.126E+00, shd 453, tpr 0.000, fdr 0.000, pred_size 0
2022-06-28 05:13:54,777 INFO - trainers.al_trainer - Model saved to output/2022-06-28_05-10-42-723/model/
2022-06-28 05:13:54,781 INFO - __main__ - Finished training model
2022-06-28 05:13:58,811 INFO - __main__ - Thresholding.
2022-06-28 05:13:59,143 INFO - __main__ - Results after thresholding by 8: {'fdr': 0.9909312940422806, 'tpr': 1.0, 'fpr': 2.0184724544305346, 'shd': 24976, 'pred_size': 49952}
2022-06-28 05:14:11,593 INFO - __main__ - Thresholding.
2022-06-28 05:14:11,931 INFO - __main__ - Results after thresholding by 5: {'fdr': 0.9909312940422806, 'tpr': 1.0, 'fpr': 2.0184724544305346, 'shd': 24976, 'pred_size': 49952}
2022-06-28 05:14:21,463 INFO - __main__ - Thresholding.
2022-06-28 05:14:21,777 INFO - __main__ - Results after thresholding by 1: {'fdr': 0.9909312940422806, 'tpr': 1.0, 'fpr': 2.0184724544305346, 'shd': 24976, 'pred_size': 49952}
2022-06-28 05:14:39,016 INFO - __main__ - Thresholding.
2022-06-28 05:14:39,433 INFO - __main__ - Results after thresholding by 0: {'fdr': 0.9909312940422806, 'tpr': 1.0, 'fpr': 2.0184724544305346, 'shd': 24976, 'pred_size': 49952}
2022-06-28 05:15:16,785 INFO - __main__ - Thresholding.
2022-06-28 05:15:17,098 INFO - __main__ - Results after thresholding by 1: {'fdr': 0.9909312940422806, 'tpr': 1.0, 'fpr': 2.0184724544305346, 'shd': 24976, 'pred_size': 49952}
2022-06-28 05:15:39,575 INFO - __main__ - Thresholding.
2022-06-28 05:15:39,896 INFO - __main__ - Results after thresholding by 0.5: {'fdr': 0.9909312940422806, 'tpr': 1.0, 'fpr': 2.0184724544305346, 'shd': 24976, 'pred_size': 49952}
2022-06-28 05:15:49,354 INFO - __main__ - Thresholding.
2022-06-28 05:15:49,669 INFO - __main__ - Results after thresholding by 0.1: {'fdr': 0.9909312940422806, 'tpr': 1.0, 'fpr': 2.0184724544305346, 'shd': 24976, 'pred_size': 49952}
2022-06-28 05:16:27,114 INFO - __main__ - Thresholding.
2022-06-28 05:16:27,528 INFO - __main__ - Results after thresholding by 0.2: {'fdr': 0.9909312940422806, 'tpr': 1.0, 'fpr': 2.0184724544305346, 'shd': 24976, 'pred_size': 49952}
2022-06-28 05:17:12,768 INFO - __main__ - Thresholding.
2022-06-28 05:17:13,088 INFO - __main__ - Results after thresholding by 0.3: {'fdr': 0.9909312940422806, 'tpr': 1.0, 'fpr': 2.0184724544305346, 'shd': 24976, 'pred_size': 49952}
