2022-04-11 00:53:03,931 INFO - helpers.log_helper - Finished configuring logger.
2022-04-11 00:53:03,935 INFO - __main__ - Finished generating dataset
2022-04-11 00:53:05,449 INFO - models.notears - Model summary:
2022-04-11 00:53:05,450 INFO - models.notears - ---------
2022-04-11 00:53:05,450 INFO - models.notears - Variables: name (type shape) [size]
2022-04-11 00:53:05,450 INFO - models.notears - ---------
2022-04-11 00:53:05,451 INFO - models.notears - Variable:0 (float32 20x20) [400, bytes: 1600]
2022-04-11 00:53:05,451 INFO - models.notears - Total size of variables: 400
2022-04-11 00:53:05,451 INFO - models.notears - Total bytes of variables: 1600
2022-04-11 00:53:05,498 INFO - trainers.al_trainer - Started training for 20 iterations
2022-04-11 00:53:05,499 INFO - trainers.al_trainer - rho 1.000E+00, alpha 0.000E+00
2022-04-11 00:53:09,107 INFO - trainers.al_trainer - [Iter 1] loss 7.801E+00, mse 7.755E+03, acyclic 3.047E-01, shd 12, tpr 0.583, fdr 0.533, pred_size 15
2022-04-11 00:53:09,108 INFO - trainers.al_trainer - rho 1.000E+00, alpha 3.047E-01
2022-04-11 00:53:11,892 INFO - trainers.al_trainer - rho 1.000E+01, alpha 3.047E-01
2022-04-11 00:53:14,696 INFO - trainers.al_trainer - rho 1.000E+02, alpha 3.047E-01
2022-04-11 00:53:17,476 INFO - trainers.al_trainer - [Iter 2] loss 8.197E+00, mse 8.089E+03, acyclic 4.354E-02, shd 10, tpr 0.167, fdr 0.667, pred_size 6
2022-04-11 00:53:17,478 INFO - trainers.al_trainer - rho 1.000E+02, alpha 4.658E+00
2022-04-11 00:53:20,274 INFO - trainers.al_trainer - rho 1.000E+03, alpha 4.658E+00
2022-04-11 00:53:23,053 INFO - trainers.al_trainer - [Iter 3] loss 8.425E+00, mse 8.339E+03, acyclic 9.190E-03, shd 10, tpr 0.167, fdr 0.750, pred_size 8
2022-04-11 00:53:23,054 INFO - trainers.al_trainer - rho 1.000E+03, alpha 1.385E+01
2022-04-11 00:53:25,864 INFO - trainers.al_trainer - rho 1.000E+04, alpha 1.385E+01
2022-04-11 00:53:28,657 INFO - trainers.al_trainer - [Iter 4] loss 8.543E+00, mse 8.485E+03, acyclic 2.296E-03, shd 11, tpr 0.167, fdr 0.778, pred_size 9
2022-04-11 00:53:28,659 INFO - trainers.al_trainer - rho 1.000E+04, alpha 3.681E+01
2022-04-11 00:53:31,426 INFO - trainers.al_trainer - rho 1.000E+05, alpha 3.681E+01
2022-04-11 00:53:34,221 INFO - trainers.al_trainer - rho 1.000E+06, alpha 3.681E+01
2022-04-11 00:53:37,012 INFO - trainers.al_trainer - [Iter 5] loss 8.659E+00, mse 8.635E+03, acyclic 1.850E-04, shd 11, tpr 0.167, fdr 0.778, pred_size 9
2022-04-11 00:53:37,013 INFO - trainers.al_trainer - rho 1.000E+06, alpha 2.218E+02
2022-04-11 00:53:39,814 INFO - trainers.al_trainer - rho 1.000E+07, alpha 2.218E+02
2022-04-11 00:53:42,590 INFO - trainers.al_trainer - [Iter 6] loss 8.701E+00, mse 8.684E+03, acyclic 4.005E-05, shd 11, tpr 0.167, fdr 0.778, pred_size 9
2022-04-11 00:53:42,591 INFO - trainers.al_trainer - rho 1.000E+07, alpha 6.224E+02
2022-04-11 00:53:45,393 INFO - trainers.al_trainer - rho 1.000E+08, alpha 6.224E+02
2022-04-11 00:53:48,165 INFO - trainers.al_trainer - [Iter 7] loss 8.718E+00, mse 8.710E+03, acyclic 7.629E-06, shd 11, tpr 0.167, fdr 0.778, pred_size 9
2022-04-11 00:53:48,166 INFO - trainers.al_trainer - rho 1.000E+08, alpha 1.385E+03
2022-04-11 00:53:50,956 INFO - trainers.al_trainer - rho 1.000E+09, alpha 1.385E+03
2022-04-11 00:53:53,736 INFO - trainers.al_trainer - [Iter 8] loss 8.723E+00, mse 8.723E+03, acyclic 0.000E+00, shd 11, tpr 0.167, fdr 0.778, pred_size 9
2022-04-11 00:53:53,737 INFO - trainers.al_trainer - Early stopping at 8-th iteration
2022-04-11 00:53:53,778 INFO - trainers.al_trainer - Model saved to output/n_500_d_20_e_12_ER/2022-04-11_13-53-03-931/model/
2022-04-11 00:53:53,779 INFO - __main__ - Finished training model
2022-04-11 00:53:54,130 INFO - __main__ - Thresholding.
2022-04-11 00:53:54,463 INFO - __main__ - Results after thresholding by 0: {'fdr': 0.968421052631579, 'tpr': 1.0, 'fpr': 2.067415730337079, 'shd': 190, 'pred_size': 380}
2022-04-11 00:53:54,467 INFO - __main__ - The time used to execute this is given below
2022-04-11 00:53:54,468 INFO - __main__ - 54.55555534362793
2022-04-11 00:54:52,747 INFO - __main__ - Thresholding.
2022-04-11 00:54:53,080 INFO - __main__ - Results after thresholding by 0.5: {'fdr': 0.6, 'tpr': 0.16666666666666666, 'fpr': 0.016853932584269662, 'shd': 10, 'pred_size': 5}
2022-04-11 00:55:22,148 INFO - __main__ - Thresholding.
2022-04-11 00:55:22,482 INFO - __main__ - Results after thresholding by 0.1: {'fdr': 0.6, 'tpr': 0.16666666666666666, 'fpr': 0.016853932584269662, 'shd': 10, 'pred_size': 5}
2022-04-11 00:55:29,186 INFO - __main__ - Thresholding.
2022-04-11 00:55:29,529 INFO - __main__ - Results after thresholding by 0: {'fdr': 0.6, 'tpr': 0.16666666666666666, 'fpr': 0.016853932584269662, 'shd': 10, 'pred_size': 5}
2022-04-11 00:55:54,327 INFO - __main__ - Thresholding.
2022-04-11 00:55:54,746 INFO - __main__ - Results after thresholding by 0.1: {'fdr': 0.6, 'tpr': 0.16666666666666666, 'fpr': 0.016853932584269662, 'shd': 10, 'pred_size': 5}
2022-04-11 00:56:15,433 INFO - __main__ - Thresholding.
2022-04-11 00:56:15,762 INFO - __main__ - Results after thresholding by 0: {'fdr': 0.6, 'tpr': 0.16666666666666666, 'fpr': 0.016853932584269662, 'shd': 10, 'pred_size': 5}
2022-04-11 00:56:21,650 INFO - models.notears - Model summary:
2022-04-11 00:56:21,650 INFO - models.notears - ---------
2022-04-11 00:56:21,650 INFO - models.notears - Variables: name (type shape) [size]
2022-04-11 00:56:21,651 INFO - models.notears - ---------
2022-04-11 00:56:21,651 INFO - models.notears - Variable:0 (float32 20x20) [400, bytes: 1600]
2022-04-11 00:56:21,652 INFO - models.notears - Total size of variables: 400
2022-04-11 00:56:21,652 INFO - models.notears - Total bytes of variables: 1600
2022-04-11 00:56:21,689 INFO - trainers.al_trainer - Started training for 20 iterations
2022-04-11 00:56:21,690 INFO - trainers.al_trainer - rho 1.000E+00, alpha 0.000E+00
2022-04-11 00:56:24,654 INFO - trainers.al_trainer - [Iter 1] loss 7.801E+00, mse 7.755E+03, acyclic 3.047E-01, shd 190, tpr 1.000, fdr 0.968, pred_size 380
2022-04-11 00:56:24,655 INFO - trainers.al_trainer - rho 1.000E+00, alpha 3.047E-01
2022-04-11 00:56:27,501 INFO - trainers.al_trainer - rho 1.000E+01, alpha 3.047E-01
2022-04-11 00:56:30,365 INFO - trainers.al_trainer - rho 1.000E+02, alpha 3.047E-01
2022-04-11 00:56:33,207 INFO - trainers.al_trainer - [Iter 2] loss 8.197E+00, mse 8.089E+03, acyclic 4.354E-02, shd 190, tpr 1.000, fdr 0.968, pred_size 380
2022-04-11 00:56:33,208 INFO - trainers.al_trainer - rho 1.000E+02, alpha 4.658E+00
2022-04-11 00:56:36,074 INFO - trainers.al_trainer - rho 1.000E+03, alpha 4.658E+00
2022-04-11 00:56:38,920 INFO - trainers.al_trainer - [Iter 3] loss 8.425E+00, mse 8.339E+03, acyclic 9.190E-03, shd 190, tpr 1.000, fdr 0.968, pred_size 380
2022-04-11 00:56:38,921 INFO - trainers.al_trainer - rho 1.000E+03, alpha 1.385E+01
2022-04-11 00:56:41,762 INFO - trainers.al_trainer - rho 1.000E+04, alpha 1.385E+01
2022-04-11 00:56:44,618 INFO - trainers.al_trainer - [Iter 4] loss 8.543E+00, mse 8.485E+03, acyclic 2.296E-03, shd 190, tpr 1.000, fdr 0.968, pred_size 380
2022-04-11 00:56:44,619 INFO - trainers.al_trainer - rho 1.000E+04, alpha 3.681E+01
2022-04-11 00:56:47,465 INFO - trainers.al_trainer - rho 1.000E+05, alpha 3.681E+01
2022-04-11 00:56:50,316 INFO - trainers.al_trainer - rho 1.000E+06, alpha 3.681E+01
2022-04-11 00:56:53,155 INFO - trainers.al_trainer - [Iter 5] loss 8.659E+00, mse 8.635E+03, acyclic 1.850E-04, shd 190, tpr 1.000, fdr 0.968, pred_size 380
2022-04-11 00:56:53,156 INFO - trainers.al_trainer - rho 1.000E+06, alpha 2.218E+02
2022-04-11 00:56:56,016 INFO - trainers.al_trainer - rho 1.000E+07, alpha 2.218E+02
2022-04-11 00:56:58,870 INFO - trainers.al_trainer - [Iter 6] loss 8.701E+00, mse 8.684E+03, acyclic 4.005E-05, shd 190, tpr 1.000, fdr 0.968, pred_size 380
2022-04-11 00:56:58,871 INFO - trainers.al_trainer - rho 1.000E+07, alpha 6.224E+02
2022-04-11 00:57:01,710 INFO - trainers.al_trainer - rho 1.000E+08, alpha 6.224E+02
2022-04-11 00:57:04,579 INFO - trainers.al_trainer - [Iter 7] loss 8.718E+00, mse 8.710E+03, acyclic 7.629E-06, shd 190, tpr 1.000, fdr 0.968, pred_size 380
2022-04-11 00:57:04,580 INFO - trainers.al_trainer - rho 1.000E+08, alpha 1.385E+03
2022-04-11 00:57:07,433 INFO - trainers.al_trainer - rho 1.000E+09, alpha 1.385E+03
2022-04-11 00:57:10,286 INFO - trainers.al_trainer - [Iter 8] loss 8.723E+00, mse 8.723E+03, acyclic 0.000E+00, shd 190, tpr 1.000, fdr 0.968, pred_size 380
2022-04-11 00:57:10,287 INFO - trainers.al_trainer - Early stopping at 8-th iteration
2022-04-11 00:57:10,331 INFO - trainers.al_trainer - Model saved to output/n_500_d_20_e_12_ER/2022-04-11_13-53-03-931/model/
2022-04-11 00:57:10,333 INFO - __main__ - Finished training model
2022-04-11 00:57:28,179 INFO - __main__ - Thresholding.
2022-04-11 00:57:28,514 INFO - __main__ - Results after thresholding by 0: {'fdr': 0.968421052631579, 'tpr': 1.0, 'fpr': 2.067415730337079, 'shd': 190, 'pred_size': 380}
2022-04-11 00:57:30,682 INFO - __main__ - Thresholding.
2022-04-11 00:57:31,008 INFO - __main__ - Results after thresholding by 0: {'fdr': 0.968421052631579, 'tpr': 1.0, 'fpr': 2.067415730337079, 'shd': 190, 'pred_size': 380}
2022-04-11 00:57:36,640 INFO - __main__ - Thresholding.
2022-04-11 00:57:36,966 INFO - __main__ - Results after thresholding by 0.1: {'fdr': 0.968421052631579, 'tpr': 1.0, 'fpr': 2.067415730337079, 'shd': 190, 'pred_size': 380}
2022-04-11 00:57:43,309 INFO - __main__ - Thresholding.
2022-04-11 00:57:43,644 INFO - __main__ - Results after thresholding by 0.2: {'fdr': 0.968421052631579, 'tpr': 1.0, 'fpr': 2.067415730337079, 'shd': 190, 'pred_size': 380}
2022-04-11 00:57:55,643 INFO - __main__ - Thresholding.
2022-04-11 00:57:55,967 INFO - __main__ - Results after thresholding by 0.3: {'fdr': 0.968421052631579, 'tpr': 1.0, 'fpr': 2.067415730337079, 'shd': 190, 'pred_size': 380}
2022-04-11 00:58:01,465 INFO - __main__ - Thresholding.
2022-04-11 00:58:01,787 INFO - __main__ - Results after thresholding by 0.4: {'fdr': 0.968421052631579, 'tpr': 1.0, 'fpr': 2.067415730337079, 'shd': 190, 'pred_size': 380}
2022-04-11 00:58:06,096 INFO - __main__ - Thresholding.
2022-04-11 00:58:06,426 INFO - __main__ - Results after thresholding by 0.5: {'fdr': 0.968421052631579, 'tpr': 1.0, 'fpr': 2.067415730337079, 'shd': 190, 'pred_size': 380}
2022-04-11 00:58:10,013 INFO - __main__ - Thresholding.
2022-04-11 00:58:10,342 INFO - __main__ - Results after thresholding by 0.5: {'fdr': 0.968421052631579, 'tpr': 1.0, 'fpr': 2.067415730337079, 'shd': 190, 'pred_size': 380}
2022-04-11 00:58:43,289 INFO - __main__ - Thresholding.
2022-04-11 00:58:43,626 INFO - __main__ - Results after thresholding by 0.5: {'fdr': 0.6, 'tpr': 0.16666666666666666, 'fpr': 0.016853932584269662, 'shd': 10, 'pred_size': 5}
2022-04-11 00:58:51,597 INFO - __main__ - Thresholding.
2022-04-11 00:58:51,927 INFO - __main__ - Results after thresholding by 0.1: {'fdr': 0.8571428571428571, 'tpr': 0.25, 'fpr': 0.10112359550561797, 'shd': 21, 'pred_size': 21}
2022-04-11 00:59:00,455 INFO - __main__ - Thresholding.
2022-04-11 00:59:00,788 INFO - __main__ - Results after thresholding by 0.01: {'fdr': 0.9693251533742331, 'tpr': 0.4166666666666667, 'fpr': 0.8876404494382022, 'shd': 157, 'pred_size': 163}
2022-04-11 00:59:12,277 INFO - __main__ - Thresholding.
2022-04-11 00:59:12,609 INFO - __main__ - Results after thresholding by 0.001: {'fdr': 0.9820359281437125, 'tpr': 0.5, 'fpr': 1.8426966292134832, 'shd': 186, 'pred_size': 334}
2022-04-11 00:59:22,828 INFO - __main__ - Thresholding.
2022-04-11 00:59:23,157 INFO - __main__ - Results after thresholding by 0.0: {'fdr': 0.968421052631579, 'tpr': 1.0, 'fpr': 2.067415730337079, 'shd': 190, 'pred_size': 380}
2022-04-11 01:04:59,701 INFO - __main__ - Thresholding.
2022-04-11 01:05:00,031 INFO - __main__ - Results after thresholding by 0.0: {'fdr': 0.968421052631579, 'tpr': 1.0, 'fpr': 2.067415730337079, 'shd': 190, 'pred_size': 380}
2022-04-11 01:05:02,241 INFO - __main__ - The time used to execute this is given below
2022-04-11 01:05:02,242 INFO - __main__ - 722.3296704292297
