2022-04-13 14:44:41,617 INFO - helpers.log_helper - Finished configuring logger.
2022-04-13 14:44:41,620 INFO - __main__ - Finished generating dataset
2022-04-13 14:44:42,589 INFO - models.notears - Model summary:
2022-04-13 14:44:42,589 INFO - models.notears - ---------
2022-04-13 14:44:42,589 INFO - models.notears - Variables: name (type shape) [size]
2022-04-13 14:44:42,590 INFO - models.notears - ---------
2022-04-13 14:44:42,590 INFO - models.notears - Variable:0 (float32 20x20) [400, bytes: 1600]
2022-04-13 14:44:42,590 INFO - models.notears - Total size of variables: 400
2022-04-13 14:44:42,591 INFO - models.notears - Total bytes of variables: 1600
2022-04-13 14:44:42,647 INFO - trainers.al_trainer - Started training for 20 iterations
2022-04-13 14:44:42,647 INFO - trainers.al_trainer - rho 1.000E+00, alpha 0.000E+00
2022-04-13 14:44:48,031 INFO - trainers.al_trainer - [Iter 1] loss 8.833E+00, mse 8.782E+03, acyclic 3.191E-01, shd 10, tpr 0.583, fdr 0.462, pred_size 13
2022-04-13 14:44:48,039 INFO - trainers.al_trainer - rho 1.000E+00, alpha 3.191E-01
2022-04-13 14:44:52,180 INFO - trainers.al_trainer - rho 1.000E+01, alpha 3.191E-01
2022-04-13 14:44:56,368 INFO - trainers.al_trainer - rho 1.000E+02, alpha 3.191E-01
2022-04-13 14:45:00,670 INFO - trainers.al_trainer - [Iter 2] loss 9.278E+00, mse 9.164E+03, acyclic 4.457E-02, shd 6, tpr 0.500, fdr 0.000, pred_size 6
2022-04-13 14:45:00,670 INFO - trainers.al_trainer - rho 1.000E+02, alpha 4.776E+00
2022-04-13 14:45:04,843 INFO - trainers.al_trainer - rho 1.000E+03, alpha 4.776E+00
2022-04-13 14:45:09,024 INFO - trainers.al_trainer - [Iter 3] loss 9.522E+00, mse 9.434E+03, acyclic 9.319E-03, shd 5, tpr 0.583, fdr 0.000, pred_size 7
2022-04-13 14:45:09,025 INFO - trainers.al_trainer - rho 1.000E+03, alpha 1.410E+01
2022-04-13 14:45:12,286 INFO - trainers.al_trainer - rho 1.000E+04, alpha 1.410E+01
2022-04-13 14:45:15,068 INFO - trainers.al_trainer - [Iter 4] loss 9.640E+00, mse 9.582E+03, acyclic 2.281E-03, shd 5, tpr 0.583, fdr 0.000, pred_size 7
2022-04-13 14:45:15,068 INFO - trainers.al_trainer - rho 1.000E+04, alpha 3.691E+01
2022-04-13 14:45:17,850 INFO - trainers.al_trainer - rho 1.000E+05, alpha 3.691E+01
2022-04-13 14:45:20,621 INFO - trainers.al_trainer - rho 1.000E+06, alpha 3.691E+01
2022-04-13 14:45:23,397 INFO - trainers.al_trainer - [Iter 5] loss 9.760E+00, mse 9.734E+03, acyclic 1.945E-04, shd 6, tpr 0.583, fdr 0.222, pred_size 9
2022-04-13 14:45:23,398 INFO - trainers.al_trainer - rho 1.000E+06, alpha 2.315E+02
2022-04-13 14:45:26,180 INFO - trainers.al_trainer - rho 1.000E+07, alpha 2.315E+02
2022-04-13 14:45:28,962 INFO - trainers.al_trainer - [Iter 6] loss 9.809E+00, mse 9.788E+03, acyclic 4.578E-05, shd 6, tpr 0.583, fdr 0.222, pred_size 9
2022-04-13 14:45:28,962 INFO - trainers.al_trainer - rho 1.000E+07, alpha 6.892E+02
2022-04-13 14:45:31,730 INFO - trainers.al_trainer - rho 1.000E+08, alpha 6.892E+02
2022-04-13 14:45:34,503 INFO - trainers.al_trainer - [Iter 7] loss 9.832E+00, mse 9.821E+03, acyclic 9.537E-06, shd 6, tpr 0.583, fdr 0.222, pred_size 9
2022-04-13 14:45:34,504 INFO - trainers.al_trainer - rho 1.000E+08, alpha 1.643E+03
2022-04-13 14:45:37,278 INFO - trainers.al_trainer - rho 1.000E+09, alpha 1.643E+03
2022-04-13 14:45:40,062 INFO - trainers.al_trainer - [Iter 8] loss 9.840E+00, mse 9.840E+03, acyclic 0.000E+00, shd 6, tpr 0.583, fdr 0.222, pred_size 9
2022-04-13 14:45:40,063 INFO - trainers.al_trainer - Early stopping at 8-th iteration
2022-04-13 14:45:40,104 INFO - trainers.al_trainer - Model saved to output/n_500_d_20_e_12_ER/2022-04-14_03-44-41-617/model/
2022-04-13 14:45:40,105 INFO - __main__ - Finished training model
2022-04-13 14:45:40,283 INFO - __main__ - Results: {'fdr': 0.968421052631579, 'tpr': 1.0, 'fpr': 2.067415730337079, 'shd': 190, 'pred_size': 380}
2022-04-13 14:45:40,283 INFO - __main__ - Thresholding.
2022-04-13 14:45:40,451 INFO - __main__ - Results after thresholding by 0.3: {'fdr': 0.2222222222222222, 'tpr': 0.5833333333333334, 'fpr': 0.011235955056179775, 'shd': 6, 'pred_size': 9}
2022-04-13 14:45:40,452 INFO - __main__ - The time used to execute this is given below
2022-04-13 14:45:40,452 INFO - __main__ - 61.0889105796814
