2022-04-13 14:39:49,361 INFO - helpers.log_helper - Finished configuring logger.
2022-04-13 14:39:49,365 INFO - __main__ - Finished generating dataset
2022-04-13 14:39:50,458 INFO - models.notears - Model summary:
2022-04-13 14:39:50,459 INFO - models.notears - ---------
2022-04-13 14:39:50,459 INFO - models.notears - Variables: name (type shape) [size]
2022-04-13 14:39:50,460 INFO - models.notears - ---------
2022-04-13 14:39:50,461 INFO - models.notears - Variable:0 (float32 20x20) [400, bytes: 1600]
2022-04-13 14:39:50,461 INFO - models.notears - Total size of variables: 400
2022-04-13 14:39:50,462 INFO - models.notears - Total bytes of variables: 1600
2022-04-13 14:39:50,541 INFO - trainers.al_trainer - Started training for 20 iterations
2022-04-13 14:39:50,542 INFO - trainers.al_trainer - rho 1.000E+00, alpha 0.000E+00
2022-04-13 14:39:55,895 INFO - trainers.al_trainer - [Iter 1] loss 8.833E+00, mse 8.782E+03, acyclic 3.191E-01, shd 10, tpr 0.583, fdr 0.462, pred_size 13
2022-04-13 14:39:55,897 INFO - trainers.al_trainer - rho 1.000E+00, alpha 3.191E-01
2022-04-13 14:40:00,122 INFO - trainers.al_trainer - rho 1.000E+01, alpha 3.191E-01
2022-04-13 14:40:04,204 INFO - trainers.al_trainer - rho 1.000E+02, alpha 3.191E-01
2022-04-13 14:40:08,480 INFO - trainers.al_trainer - [Iter 2] loss 9.278E+00, mse 9.164E+03, acyclic 4.457E-02, shd 6, tpr 0.500, fdr 0.000, pred_size 6
2022-04-13 14:40:08,482 INFO - trainers.al_trainer - rho 1.000E+02, alpha 4.776E+00
2022-04-13 14:40:12,457 INFO - trainers.al_trainer - rho 1.000E+03, alpha 4.776E+00
2022-04-13 14:40:16,636 INFO - trainers.al_trainer - [Iter 3] loss 9.522E+00, mse 9.434E+03, acyclic 9.319E-03, shd 5, tpr 0.583, fdr 0.000, pred_size 7
2022-04-13 14:40:16,637 INFO - trainers.al_trainer - rho 1.000E+03, alpha 1.410E+01
2022-04-13 14:40:20,849 INFO - trainers.al_trainer - rho 1.000E+04, alpha 1.410E+01
2022-04-13 14:40:25,081 INFO - trainers.al_trainer - [Iter 4] loss 9.640E+00, mse 9.582E+03, acyclic 2.281E-03, shd 5, tpr 0.583, fdr 0.000, pred_size 7
2022-04-13 14:40:25,082 INFO - trainers.al_trainer - rho 1.000E+04, alpha 3.691E+01
2022-04-13 14:40:29,409 INFO - trainers.al_trainer - rho 1.000E+05, alpha 3.691E+01
2022-04-13 14:40:33,494 INFO - trainers.al_trainer - rho 1.000E+06, alpha 3.691E+01
2022-04-13 14:40:37,793 INFO - trainers.al_trainer - [Iter 5] loss 9.760E+00, mse 9.734E+03, acyclic 1.945E-04, shd 6, tpr 0.583, fdr 0.222, pred_size 9
2022-04-13 14:40:37,796 INFO - trainers.al_trainer - rho 1.000E+06, alpha 2.315E+02
2022-04-13 14:40:41,942 INFO - trainers.al_trainer - rho 1.000E+07, alpha 2.315E+02
2022-04-13 14:40:46,297 INFO - trainers.al_trainer - [Iter 6] loss 9.809E+00, mse 9.788E+03, acyclic 4.578E-05, shd 6, tpr 0.583, fdr 0.222, pred_size 9
2022-04-13 14:40:46,299 INFO - trainers.al_trainer - rho 1.000E+07, alpha 6.892E+02
2022-04-13 14:40:50,420 INFO - trainers.al_trainer - rho 1.000E+08, alpha 6.892E+02
2022-04-13 14:40:54,649 INFO - trainers.al_trainer - [Iter 7] loss 9.832E+00, mse 9.821E+03, acyclic 9.537E-06, shd 6, tpr 0.583, fdr 0.222, pred_size 9
2022-04-13 14:40:54,650 INFO - trainers.al_trainer - rho 1.000E+08, alpha 1.643E+03
2022-04-13 14:40:58,887 INFO - trainers.al_trainer - rho 1.000E+09, alpha 1.643E+03
2022-04-13 14:41:03,046 INFO - trainers.al_trainer - [Iter 8] loss 9.840E+00, mse 9.840E+03, acyclic 0.000E+00, shd 6, tpr 0.583, fdr 0.222, pred_size 9
2022-04-13 14:41:03,047 INFO - trainers.al_trainer - Early stopping at 8-th iteration
2022-04-13 14:41:03,121 INFO - trainers.al_trainer - Model saved to output/n_500_d_20_e_12_ER/2022-04-14_03-39-49-360/model/
2022-04-13 14:41:03,123 INFO - __main__ - Finished training model
2022-04-13 14:41:03,578 INFO - __main__ - Results: {'fdr': 0.968421052631579, 'tpr': 1.0, 'fpr': 2.067415730337079, 'shd': 190, 'pred_size': 380}
2022-04-13 14:41:03,578 INFO - __main__ - Thresholding.
2022-04-13 14:41:04,139 INFO - __main__ - Results after thresholding by 0.3: {'fdr': 0.2222222222222222, 'tpr': 0.5833333333333334, 'fpr': 0.011235955056179775, 'shd': 6, 'pred_size': 9}
2022-04-13 14:41:04,147 INFO - __main__ - The time used to execute this is given below
2022-04-13 14:41:04,149 INFO - __main__ - 77.07054018974304
