2022-04-13 14:53:40,226 INFO - helpers.log_helper - Finished configuring logger.
2022-04-13 14:53:40,229 INFO - __main__ - Finished generating dataset
2022-04-13 14:53:40,901 INFO - models.notears - Model summary:
2022-04-13 14:53:40,902 INFO - models.notears - ---------
2022-04-13 14:53:40,902 INFO - models.notears - Variables: name (type shape) [size]
2022-04-13 14:53:40,902 INFO - models.notears - ---------
2022-04-13 14:53:40,902 INFO - models.notears - Variable:0 (float32 20x20) [400, bytes: 1600]
2022-04-13 14:53:40,902 INFO - models.notears - Total size of variables: 400
2022-04-13 14:53:40,902 INFO - models.notears - Total bytes of variables: 1600
2022-04-13 14:53:40,944 INFO - trainers.al_trainer - Started training for 20 iterations
2022-04-13 14:53:40,944 INFO - trainers.al_trainer - rho 1.000E+00, alpha 0.000E+00
2022-04-13 14:53:44,560 INFO - trainers.al_trainer - [Iter 1] loss 8.097E+00, mse 3.181E+04, acyclic 5.383E-01, shd 16, tpr 0.737, fdr 0.462, pred_size 26
2022-04-13 14:53:44,565 INFO - trainers.al_trainer - rho 1.000E+00, alpha 5.383E-01
2022-04-13 14:53:47,368 INFO - trainers.al_trainer - rho 1.000E+01, alpha 5.383E-01
2022-04-13 14:53:50,180 INFO - trainers.al_trainer - rho 1.000E+02, alpha 5.383E-01
2022-04-13 14:53:52,985 INFO - trainers.al_trainer - [Iter 2] loss 9.057E+00, mse 3.535E+04, acyclic 6.111E-02, shd 7, tpr 0.632, fdr 0.000, pred_size 12
2022-04-13 14:53:52,986 INFO - trainers.al_trainer - rho 1.000E+02, alpha 6.649E+00
2022-04-13 14:53:55,776 INFO - trainers.al_trainer - rho 1.000E+03, alpha 6.649E+00
2022-04-13 14:53:58,599 INFO - trainers.al_trainer - [Iter 3] loss 9.523E+00, mse 3.741E+04, acyclic 1.296E-02, shd 6, tpr 0.684, fdr 0.000, pred_size 13
2022-04-13 14:53:58,599 INFO - trainers.al_trainer - rho 1.000E+03, alpha 1.961E+01
2022-04-13 14:54:01,381 INFO - trainers.al_trainer - rho 1.000E+04, alpha 1.961E+01
2022-04-13 14:54:04,176 INFO - trainers.al_trainer - [Iter 4] loss 9.736E+00, mse 3.857E+04, acyclic 2.804E-03, shd 4, tpr 0.789, fdr 0.000, pred_size 15
2022-04-13 14:54:04,177 INFO - trainers.al_trainer - rho 1.000E+04, alpha 4.765E+01
2022-04-13 14:54:06,971 INFO - trainers.al_trainer - rho 1.000E+05, alpha 4.765E+01
2022-04-13 14:54:09,771 INFO - trainers.al_trainer - [Iter 5] loss 9.838E+00, mse 3.915E+04, acyclic 6.294E-04, shd 4, tpr 0.789, fdr 0.000, pred_size 15
2022-04-13 14:54:09,771 INFO - trainers.al_trainer - rho 1.000E+05, alpha 1.106E+02
2022-04-13 14:54:12,562 INFO - trainers.al_trainer - rho 1.000E+06, alpha 1.106E+02
2022-04-13 14:54:15,372 INFO - trainers.al_trainer - [Iter 6] loss 9.891E+00, mse 3.945E+04, acyclic 1.469E-04, shd 4, tpr 0.789, fdr 0.000, pred_size 15
2022-04-13 14:54:15,372 INFO - trainers.al_trainer - rho 1.000E+06, alpha 2.575E+02
2022-04-13 14:54:18,182 INFO - trainers.al_trainer - rho 1.000E+07, alpha 2.575E+02
2022-04-13 14:54:20,977 INFO - trainers.al_trainer - [Iter 7] loss 9.919E+00, mse 3.962E+04, acyclic 3.433E-05, shd 4, tpr 0.789, fdr 0.000, pred_size 15
2022-04-13 14:54:20,977 INFO - trainers.al_trainer - rho 1.000E+07, alpha 6.008E+02
2022-04-13 14:54:23,766 INFO - trainers.al_trainer - rho 1.000E+08, alpha 6.008E+02
2022-04-13 14:54:26,575 INFO - trainers.al_trainer - [Iter 8] loss 9.935E+00, mse 3.971E+04, acyclic 7.629E-06, shd 4, tpr 0.789, fdr 0.000, pred_size 15
2022-04-13 14:54:26,576 INFO - trainers.al_trainer - rho 1.000E+08, alpha 1.364E+03
2022-04-13 14:54:29,379 INFO - trainers.al_trainer - rho 1.000E+09, alpha 1.364E+03
2022-04-13 14:54:32,161 INFO - trainers.al_trainer - [Iter 9] loss 9.945E+00, mse 3.976E+04, acyclic 1.907E-06, shd 4, tpr 0.789, fdr 0.000, pred_size 15
2022-04-13 14:54:32,162 INFO - trainers.al_trainer - rho 1.000E+09, alpha 3.271E+03
2022-04-13 14:54:34,954 INFO - trainers.al_trainer - [Iter 10] loss 9.942E+00, mse 3.977E+04, acyclic 0.000E+00, shd 4, tpr 0.789, fdr 0.000, pred_size 15
2022-04-13 14:54:34,955 INFO - trainers.al_trainer - Early stopping at 10-th iteration
2022-04-13 14:54:34,995 INFO - trainers.al_trainer - Model saved to output/n_2000_d_20_e_12_SF/2022-04-14_03-53-40-225/model/
2022-04-13 14:54:34,996 INFO - __main__ - Finished training model
2022-04-13 14:54:35,167 INFO - __main__ - Results: {'fdr': 0.95, 'tpr': 1.0, 'fpr': 2.111111111111111, 'shd': 190, 'pred_size': 380}
2022-04-13 14:54:35,167 INFO - __main__ - Thresholding.
2022-04-13 14:54:35,330 INFO - __main__ - Results after thresholding by 0.3: {'fdr': 0.0, 'tpr': 0.7894736842105263, 'fpr': 0.0, 'shd': 4, 'pred_size': 15}
2022-04-13 14:54:35,330 INFO - __main__ - The time used to execute this is given below
2022-04-13 14:54:35,330 INFO - __main__ - 56.751484870910645
