2022-04-13 13:16:24,955 INFO - helpers.log_helper - Finished configuring logger.
2022-04-13 13:16:24,963 INFO - __main__ - Finished generating dataset
2022-04-13 13:16:25,659 INFO - models.notears - Model summary:
2022-04-13 13:16:25,659 INFO - models.notears - ---------
2022-04-13 13:16:25,659 INFO - models.notears - Variables: name (type shape) [size]
2022-04-13 13:16:25,659 INFO - models.notears - ---------
2022-04-13 13:16:25,659 INFO - models.notears - Variable:0 (float32 100x100) [10000, bytes: 40000]
2022-04-13 13:16:25,659 INFO - models.notears - Total size of variables: 10000
2022-04-13 13:16:25,659 INFO - models.notears - Total bytes of variables: 40000
2022-04-13 13:16:25,702 INFO - trainers.al_trainer - Started training for 20 iterations
2022-04-13 13:16:25,702 INFO - trainers.al_trainer - rho 1.000E+00, alpha 0.000E+00
2022-04-13 13:16:29,986 INFO - trainers.al_trainer - [Iter 1] loss 3.702E+01, mse 3.665E+04, acyclic 8.621E-01, shd 38, tpr 0.550, fdr 0.283, pred_size 46
2022-04-13 13:16:29,991 INFO - trainers.al_trainer - rho 1.000E+00, alpha 8.621E-01
2022-04-13 13:16:33,421 INFO - trainers.al_trainer - rho 1.000E+01, alpha 8.621E-01
2022-04-13 13:16:36,863 INFO - trainers.al_trainer - rho 1.000E+02, alpha 8.621E-01
2022-04-13 13:16:40,308 INFO - trainers.al_trainer - [Iter 2] loss 3.939E+01, mse 3.880E+04, acyclic 1.009E-01, shd 34, tpr 0.433, fdr 0.000, pred_size 26
2022-04-13 13:16:40,308 INFO - trainers.al_trainer - rho 1.000E+02, alpha 1.095E+01
2022-04-13 13:16:43,765 INFO - trainers.al_trainer - rho 1.000E+03, alpha 1.095E+01
2022-04-13 13:16:47,216 INFO - trainers.al_trainer - rho 1.000E+04, alpha 1.095E+01
2022-04-13 13:16:50,655 INFO - trainers.al_trainer - [Iter 3] loss 4.187E+01, mse 4.131E+04, acyclic 9.537E-03, shd 27, tpr 0.583, fdr 0.103, pred_size 39
2022-04-13 13:16:50,655 INFO - trainers.al_trainer - rho 1.000E+04, alpha 1.063E+02
2022-04-13 13:16:54,078 INFO - trainers.al_trainer - rho 1.000E+05, alpha 1.063E+02
2022-04-13 13:16:57,516 INFO - trainers.al_trainer - [Iter 4] loss 4.310E+01, mse 4.259E+04, acyclic 2.304E-03, shd 24, tpr 0.633, fdr 0.116, pred_size 43
2022-04-13 13:16:57,517 INFO - trainers.al_trainer - rho 1.000E+05, alpha 3.367E+02
2022-04-13 13:17:00,939 INFO - trainers.al_trainer - rho 1.000E+06, alpha 3.367E+02
2022-04-13 13:17:04,370 INFO - trainers.al_trainer - rho 1.000E+07, alpha 3.367E+02
2022-04-13 13:17:07,813 INFO - trainers.al_trainer - [Iter 5] loss 4.429E+01, mse 4.404E+04, acyclic 1.907E-04, shd 24, tpr 0.633, fdr 0.136, pred_size 44
2022-04-13 13:17:07,813 INFO - trainers.al_trainer - rho 1.000E+07, alpha 2.244E+03
2022-04-13 13:17:11,240 INFO - trainers.al_trainer - rho 1.000E+08, alpha 2.244E+03
2022-04-13 13:17:14,671 INFO - trainers.al_trainer - [Iter 6] loss 4.479E+01, mse 4.458E+04, acyclic 4.578E-05, shd 24, tpr 0.633, fdr 0.136, pred_size 44
2022-04-13 13:17:14,671 INFO - trainers.al_trainer - rho 1.000E+08, alpha 6.822E+03
2022-04-13 13:17:18,115 INFO - trainers.al_trainer - rho 1.000E+09, alpha 6.822E+03
2022-04-13 13:17:21,546 INFO - trainers.al_trainer - [Iter 7] loss 4.476E+01, mse 4.476E+04, acyclic 0.000E+00, shd 24, tpr 0.633, fdr 0.136, pred_size 44
2022-04-13 13:17:21,547 INFO - trainers.al_trainer - Early stopping at 7-th iteration
2022-04-13 13:17:21,586 INFO - trainers.al_trainer - Model saved to output/n_500_d_100_e_60_ER/2022-04-14_02-16-24-954/model/
2022-04-13 13:17:21,587 INFO - __main__ - Finished training model
2022-04-13 13:17:21,752 INFO - __main__ - Thresholding.
2022-04-13 13:17:21,909 INFO - __main__ - Results after thresholding by 0.3: {'fdr': 0.13636363636363635, 'tpr': 0.6333333333333333, 'fpr': 0.001226993865030675, 'shd': 24, 'pred_size': 44}
2022-04-13 13:17:21,909 INFO - __main__ - The time used to execute this is given below
2022-04-13 13:17:21,909 INFO - __main__ - 58.56780505180359
