2022-04-16 10:57:22,248 INFO - helpers.log_helper - Finished configuring logger.
2022-04-16 10:57:22,251 INFO - __main__ - Finished generating dataset
2022-04-16 10:57:23,028 INFO - models.notears - Model summary:
2022-04-16 10:57:23,029 INFO - models.notears - ---------
2022-04-16 10:57:23,029 INFO - models.notears - Variables: name (type shape) [size]
2022-04-16 10:57:23,030 INFO - models.notears - ---------
2022-04-16 10:57:23,030 INFO - models.notears - Variable:0 (float32 9x9) [81, bytes: 324]
2022-04-16 10:57:23,031 INFO - models.notears - Total size of variables: 81
2022-04-16 10:57:23,031 INFO - models.notears - Total bytes of variables: 324
2022-04-16 10:57:23,073 INFO - trainers.al_trainer - Started training for 20 iterations
2022-04-16 10:57:23,073 INFO - trainers.al_trainer - rho 1.000E+00, alpha 0.000E+00
2022-04-16 10:57:26,555 INFO - trainers.al_trainer - [Iter 1] loss 2.433E+04, mse 5.012E+07, acyclic 3.116E-01, shd 27, tpr 0.278, fdr 0.848, pred_size 33
2022-04-16 10:57:26,556 INFO - trainers.al_trainer - rho 1.000E+00, alpha 3.116E-01
2022-04-16 10:57:29,490 INFO - trainers.al_trainer - rho 1.000E+01, alpha 3.116E-01
2022-04-16 10:57:32,664 INFO - trainers.al_trainer - rho 1.000E+02, alpha 3.116E-01
2022-04-16 10:57:35,957 INFO - trainers.al_trainer - rho 1.000E+03, alpha 3.116E-01
2022-04-16 10:57:39,472 INFO - trainers.al_trainer - rho 1.000E+04, alpha 3.116E-01
2022-04-16 10:57:42,958 INFO - trainers.al_trainer - rho 1.000E+05, alpha 3.116E-01
2022-04-16 10:57:46,432 INFO - trainers.al_trainer - rho 1.000E+06, alpha 3.116E-01
2022-04-16 10:57:49,960 INFO - trainers.al_trainer - [Iter 2] loss 2.048E+04, mse 4.029E+07, acyclic 4.292E-02, shd 31, tpr 0.056, fdr 0.964, pred_size 28
2022-04-16 10:57:49,961 INFO - trainers.al_trainer - rho 1.000E+06, alpha 4.292E+04
2022-04-16 10:57:53,763 INFO - trainers.al_trainer - rho 1.000E+07, alpha 4.292E+04
2022-04-16 10:57:57,556 INFO - trainers.al_trainer - [Iter 3] loss 2.214E+04, mse 4.434E+07, acyclic 7.615E-03, shd 31, tpr 0.056, fdr 0.964, pred_size 28
2022-04-16 10:57:57,557 INFO - trainers.al_trainer - rho 1.000E+07, alpha 1.191E+05
2022-04-16 10:58:01,623 INFO - trainers.al_trainer - rho 1.000E+08, alpha 1.191E+05
2022-04-16 10:58:05,706 INFO - trainers.al_trainer - [Iter 4] loss 2.275E+04, mse 4.619E+07, acyclic 1.625E-03, shd 29, tpr 0.167, fdr 0.897, pred_size 29
2022-04-16 10:58:05,707 INFO - trainers.al_trainer - rho 1.000E+08, alpha 2.816E+05
2022-04-16 10:58:09,807 INFO - trainers.al_trainer - rho 1.000E+09, alpha 2.816E+05
2022-04-16 10:58:13,894 INFO - trainers.al_trainer - [Iter 5] loss 2.302E+04, mse 4.708E+07, acyclic 3.595E-04, shd 29, tpr 0.167, fdr 0.897, pred_size 29
2022-04-16 10:58:13,895 INFO - trainers.al_trainer - rho 1.000E+09, alpha 6.411E+05
2022-04-16 10:58:18,017 INFO - trainers.al_trainer - rho 1.000E+10, alpha 6.411E+05
2022-04-16 10:58:22,099 INFO - trainers.al_trainer - [Iter 6] loss 2.306E+04, mse 4.750E+07, acyclic 4.768E-06, shd 29, tpr 0.167, fdr 0.897, pred_size 29
2022-04-16 10:58:22,100 INFO - trainers.al_trainer - rho 1.000E+10, alpha 6.888E+05
2022-04-16 10:58:26,207 INFO - trainers.al_trainer - rho 1.000E+11, alpha 6.888E+05
2022-04-16 10:58:30,320 INFO - trainers.al_trainer - rho 1.000E+12, alpha 6.888E+05
2022-04-16 10:58:34,422 INFO - trainers.al_trainer - rho 1.000E+13, alpha 6.888E+05
2022-04-16 10:58:38,544 INFO - trainers.al_trainer - [Iter 7] loss 2.941E+04, mse 5.947E+07, acyclic -1.049E-05, shd 31, tpr 0.056, fdr 0.960, pred_size 25
2022-04-16 10:58:38,545 INFO - trainers.al_trainer - Early stopping at 7-th iteration
2022-04-16 10:58:38,584 INFO - trainers.al_trainer - Model saved to output/concrete/2022-04-16_23-57-22-248/model/
2022-04-16 10:58:38,585 INFO - __main__ - Finished training model
2022-04-16 10:58:38,911 INFO - __main__ - Results: {'fdr': 0.75, 'tpr': 1.0, 'fpr': 3.0, 'shd': 36, 'pred_size': 72}
2022-04-16 10:58:38,915 INFO - __main__ - The time used to execute this is given below
2022-04-16 10:58:38,916 INFO - __main__ - 78.26020956039429
