2022-04-18 13:16:32,369 INFO - helpers.log_helper - Finished configuring logger.
2022-04-18 13:16:32,389 INFO - __main__ - Finished generating dataset
2022-04-18 13:16:33,144 INFO - models.notears - Model summary:
2022-04-18 13:16:33,145 INFO - models.notears - ---------
2022-04-18 13:16:33,145 INFO - models.notears - Variables: name (type shape) [size]
2022-04-18 13:16:33,146 INFO - models.notears - ---------
2022-04-18 13:16:33,146 INFO - models.notears - Variable:0 (float32 10x10) [100, bytes: 400]
2022-04-18 13:16:33,146 INFO - models.notears - Total size of variables: 100
2022-04-18 13:16:33,147 INFO - models.notears - Total bytes of variables: 400
2022-04-18 13:16:33,189 INFO - trainers.al_trainer - Started training for 20 iterations
2022-04-18 13:16:33,190 INFO - trainers.al_trainer - rho 1.000E+00, alpha 0.000E+00
2022-04-18 13:16:36,624 INFO - trainers.al_trainer - [Iter 1] loss 1.736E+02, mse 3.982E+05, acyclic 1.821E-01, shd 28, tpr 0.143, fdr 0.857, pred_size 21
2022-04-18 13:16:36,625 INFO - trainers.al_trainer - rho 1.000E+00, alpha 1.821E-01
2022-04-18 13:16:39,374 INFO - trainers.al_trainer - rho 1.000E+01, alpha 1.821E-01
2022-04-18 13:16:42,450 INFO - trainers.al_trainer - rho 1.000E+02, alpha 1.821E-01
2022-04-18 13:16:45,299 INFO - trainers.al_trainer - rho 1.000E+03, alpha 1.821E-01
2022-04-18 13:16:48,219 INFO - trainers.al_trainer - rho 1.000E+04, alpha 1.821E-01
2022-04-18 13:16:51,342 INFO - trainers.al_trainer - [Iter 2] loss 6.104E+01, mse 1.241E+05, acyclic 3.722E-02, shd 32, tpr 0.333, fdr 0.806, pred_size 36
2022-04-18 13:16:51,343 INFO - trainers.al_trainer - rho 1.000E+04, alpha 3.723E+02
2022-04-18 13:16:54,698 INFO - trainers.al_trainer - rho 1.000E+05, alpha 3.723E+02
2022-04-18 13:16:58,453 INFO - trainers.al_trainer - [Iter 3] loss 6.034E+01, mse 1.280E+05, acyclic 6.498E-03, shd 33, tpr 0.238, fdr 0.844, pred_size 32
2022-04-18 13:16:58,454 INFO - trainers.al_trainer - rho 1.000E+05, alpha 1.022E+03
2022-04-18 13:17:02,388 INFO - trainers.al_trainer - rho 1.000E+06, alpha 1.022E+03
2022-04-18 13:17:06,380 INFO - trainers.al_trainer - [Iter 4] loss 5.899E+01, mse 1.289E+05, acyclic 1.563E-03, shd 31, tpr 0.238, fdr 0.828, pred_size 29
2022-04-18 13:17:06,381 INFO - trainers.al_trainer - rho 1.000E+06, alpha 2.585E+03
2022-04-18 13:17:10,411 INFO - trainers.al_trainer - rho 1.000E+07, alpha 2.585E+03
2022-04-18 13:17:14,417 INFO - trainers.al_trainer - [Iter 5] loss 5.897E+01, mse 1.329E+05, acyclic 2.651E-04, shd 31, tpr 0.238, fdr 0.833, pred_size 30
2022-04-18 13:17:14,418 INFO - trainers.al_trainer - rho 1.000E+07, alpha 5.236E+03
2022-04-18 13:17:18,442 INFO - trainers.al_trainer - rho 1.000E+08, alpha 5.236E+03
2022-04-18 13:17:22,447 INFO - trainers.al_trainer - rho 1.000E+09, alpha 5.236E+03
2022-04-18 13:17:26,472 INFO - trainers.al_trainer - rho 1.000E+10, alpha 5.236E+03
2022-04-18 13:17:30,499 INFO - trainers.al_trainer - [Iter 6] loss 7.525E+01, mse 1.726E+05, acyclic -1.907E-06, shd 29, tpr 0.286, fdr 0.812, pred_size 32
2022-04-18 13:17:30,500 INFO - trainers.al_trainer - Early stopping at 6-th iteration
2022-04-18 13:17:30,541 INFO - trainers.al_trainer - Model saved to output/skab_rotor_imbalance/2022-04-19_02-16-32-369/model/
2022-04-18 13:17:30,542 INFO - __main__ - Finished training model
2022-04-18 13:17:30,863 INFO - __main__ - Results: {'fdr': 0.7666666666666667, 'tpr': 1.0, 'fpr': 2.875, 'shd': 45, 'pred_size': 90}
2022-04-18 13:17:31,164 INFO - __main__ - Results after thresholding by 0.3: {'fdr': 0.8125, 'tpr': 0.2857142857142857, 'fpr': 1.0833333333333333, 'shd': 29, 'pred_size': 32}
2022-04-18 13:17:31,168 INFO - __main__ - The time used to execute this is given below
2022-04-18 13:17:31,168 INFO - __main__ - 60.381699323654175
2022-04-18 13:22:50,349 WARNING - matplotlib.font_manager - findfont: Font family ['sans-serif'] not found. Falling back to DejaVu Sans.
2022-04-18 13:22:50,355 WARNING - matplotlib.font_manager - findfont: Font family ['sans-serif'] not found. Falling back to DejaVu Sans.
2022-04-18 13:22:50,566 INFO - __main__ - Results: {'fdr': 0.7666666666666667, 'tpr': 1.0, 'fpr': 2.875, 'shd': 45, 'pred_size': 90}
2022-04-18 13:22:50,872 INFO - __main__ - Results after thresholding by 0.3: {'fdr': 0.8125, 'tpr': 0.2857142857142857, 'fpr': 1.0833333333333333, 'shd': 29, 'pred_size': 32}
2022-04-18 13:22:50,876 INFO - __main__ - The time used to execute this is given below
2022-04-18 13:22:50,876 INFO - __main__ - 380.0897536277771
