2022-04-13 13:22:31,318 INFO - helpers.log_helper - Finished configuring logger.
2022-04-13 13:22:31,321 INFO - __main__ - Finished generating dataset
2022-04-13 13:22:31,965 INFO - models.notears - Model summary:
2022-04-13 13:22:31,966 INFO - models.notears - ---------
2022-04-13 13:22:31,966 INFO - models.notears - Variables: name (type shape) [size]
2022-04-13 13:22:31,966 INFO - models.notears - ---------
2022-04-13 13:22:31,966 INFO - models.notears - Variable:0 (float32 20x20) [400, bytes: 1600]
2022-04-13 13:22:31,966 INFO - models.notears - Total size of variables: 400
2022-04-13 13:22:31,966 INFO - models.notears - Total bytes of variables: 1600
2022-04-13 13:22:31,990 INFO - trainers.al_trainer - Started training for 20 iterations
2022-04-13 13:22:31,990 INFO - trainers.al_trainer - rho 1.000E+00, alpha 0.000E+00
2022-04-13 13:22:35,582 INFO - trainers.al_trainer - [Iter 1] loss 9.125E+00, mse 3.637E+04, acyclic 2.543E-01, shd 10, tpr 0.500, fdr 0.400, pred_size 10
2022-04-13 13:22:35,587 INFO - trainers.al_trainer - rho 1.000E+00, alpha 2.543E-01
2022-04-13 13:22:38,388 INFO - trainers.al_trainer - rho 1.000E+01, alpha 2.543E-01
2022-04-13 13:22:41,184 INFO - trainers.al_trainer - rho 1.000E+02, alpha 2.543E-01
2022-04-13 13:22:43,982 INFO - trainers.al_trainer - [Iter 2] loss 9.426E+00, mse 3.738E+04, acyclic 3.757E-02, shd 9, tpr 0.250, fdr 0.000, pred_size 3
2022-04-13 13:22:43,983 INFO - trainers.al_trainer - rho 1.000E+02, alpha 4.011E+00
2022-04-13 13:22:46,791 INFO - trainers.al_trainer - rho 1.000E+03, alpha 4.011E+00
2022-04-13 13:22:49,588 INFO - trainers.al_trainer - [Iter 3] loss 9.618E+00, mse 3.816E+04, acyclic 9.205E-03, shd 9, tpr 0.250, fdr 0.000, pred_size 3
2022-04-13 13:22:49,589 INFO - trainers.al_trainer - rho 1.000E+03, alpha 1.322E+01
2022-04-13 13:22:52,376 INFO - trainers.al_trainer - rho 1.000E+04, alpha 1.322E+01
2022-04-13 13:22:55,180 INFO - trainers.al_trainer - [Iter 4] loss 9.737E+00, mse 3.873E+04, acyclic 2.235E-03, shd 8, tpr 0.333, fdr 0.000, pred_size 4
2022-04-13 13:22:55,181 INFO - trainers.al_trainer - rho 1.000E+04, alpha 3.557E+01
2022-04-13 13:22:57,985 INFO - trainers.al_trainer - rho 1.000E+05, alpha 3.557E+01
2022-04-13 13:23:00,770 INFO - trainers.al_trainer - [Iter 5] loss 9.803E+00, mse 3.909E+04, acyclic 5.112E-04, shd 7, tpr 0.417, fdr 0.000, pred_size 5
2022-04-13 13:23:00,771 INFO - trainers.al_trainer - rho 1.000E+05, alpha 8.669E+01
2022-04-13 13:23:03,558 INFO - trainers.al_trainer - rho 1.000E+06, alpha 8.669E+01
2022-04-13 13:23:06,355 INFO - trainers.al_trainer - [Iter 6] loss 9.839E+00, mse 3.928E+04, acyclic 1.278E-04, shd 5, tpr 0.583, fdr 0.000, pred_size 7
2022-04-13 13:23:06,355 INFO - trainers.al_trainer - rho 1.000E+06, alpha 2.145E+02
2022-04-13 13:23:09,149 INFO - trainers.al_trainer - rho 1.000E+07, alpha 2.145E+02
2022-04-13 13:23:11,931 INFO - trainers.al_trainer - rho 1.000E+08, alpha 2.145E+02
2022-04-13 13:23:14,747 INFO - trainers.al_trainer - [Iter 7] loss 9.873E+00, mse 3.946E+04, acyclic 9.537E-06, shd 5, tpr 0.583, fdr 0.000, pred_size 7
2022-04-13 13:23:14,748 INFO - trainers.al_trainer - rho 1.000E+08, alpha 1.168E+03
2022-04-13 13:23:17,550 INFO - trainers.al_trainer - rho 1.000E+09, alpha 1.168E+03
2022-04-13 13:23:20,350 INFO - trainers.al_trainer - rho 1.000E+10, alpha 1.168E+03
2022-04-13 13:23:23,140 INFO - trainers.al_trainer - [Iter 8] loss 9.881E+00, mse 3.952E+04, acyclic 0.000E+00, shd 5, tpr 0.583, fdr 0.000, pred_size 7
2022-04-13 13:23:23,141 INFO - trainers.al_trainer - Early stopping at 8-th iteration
2022-04-13 13:23:23,182 INFO - trainers.al_trainer - Model saved to output/n_2000_d_20_e_12_ER/2022-04-14_02-22-31-318/model/
2022-04-13 13:23:23,183 INFO - __main__ - Finished training model
2022-04-13 13:23:23,356 INFO - __main__ - Thresholding.
2022-04-13 13:23:23,526 INFO - __main__ - Results after thresholding by 0.3: {'fdr': 0.0, 'tpr': 0.5833333333333334, 'fpr': 0.0, 'shd': 5, 'pred_size': 7}
2022-04-13 13:23:23,526 INFO - __main__ - The time used to execute this is given below
2022-04-13 13:23:23,526 INFO - __main__ - 53.80787801742554
