2022-04-16 10:36:52,699 INFO - helpers.log_helper - Finished configuring logger.
2022-04-16 10:36:52,701 INFO - __main__ - Finished generating dataset
2022-04-16 10:36:53,471 INFO - models.notears - Model summary:
2022-04-16 10:36:53,472 INFO - models.notears - ---------
2022-04-16 10:36:53,472 INFO - models.notears - Variables: name (type shape) [size]
2022-04-16 10:36:53,472 INFO - models.notears - ---------
2022-04-16 10:36:53,473 INFO - models.notears - Variable:0 (float32 9x9) [81, bytes: 324]
2022-04-16 10:36:53,473 INFO - models.notears - Total size of variables: 81
2022-04-16 10:36:53,474 INFO - models.notears - Total bytes of variables: 324
2022-04-16 10:36:53,517 INFO - trainers.al_trainer - Started training for 20 iterations
2022-04-16 10:36:53,517 INFO - trainers.al_trainer - rho 1.000E+00, alpha 0.000E+00
2022-04-16 10:36:57,024 INFO - trainers.al_trainer - [Iter 1] loss 2.433E+04, mse 5.012E+07, acyclic 3.116E-01, shd 27, tpr 0.278, fdr 0.848, pred_size 33
2022-04-16 10:36:57,025 INFO - trainers.al_trainer - rho 1.000E+00, alpha 3.116E-01
2022-04-16 10:36:59,840 INFO - trainers.al_trainer - rho 1.000E+01, alpha 3.116E-01
2022-04-16 10:37:03,008 INFO - trainers.al_trainer - rho 1.000E+02, alpha 3.116E-01
2022-04-16 10:37:06,345 INFO - trainers.al_trainer - rho 1.000E+03, alpha 3.116E-01
2022-04-16 10:37:09,857 INFO - trainers.al_trainer - rho 1.000E+04, alpha 3.116E-01
2022-04-16 10:37:13,366 INFO - trainers.al_trainer - rho 1.000E+05, alpha 3.116E-01
2022-04-16 10:37:16,891 INFO - trainers.al_trainer - rho 1.000E+06, alpha 3.116E-01
2022-04-16 10:37:20,429 INFO - trainers.al_trainer - [Iter 2] loss 2.048E+04, mse 4.029E+07, acyclic 4.292E-02, shd 31, tpr 0.056, fdr 0.964, pred_size 28
2022-04-16 10:37:20,430 INFO - trainers.al_trainer - rho 1.000E+06, alpha 4.292E+04
2022-04-16 10:37:24,227 INFO - trainers.al_trainer - rho 1.000E+07, alpha 4.292E+04
2022-04-16 10:37:28,059 INFO - trainers.al_trainer - [Iter 3] loss 2.214E+04, mse 4.434E+07, acyclic 7.615E-03, shd 31, tpr 0.056, fdr 0.964, pred_size 28
2022-04-16 10:37:28,060 INFO - trainers.al_trainer - rho 1.000E+07, alpha 1.191E+05
2022-04-16 10:37:32,114 INFO - trainers.al_trainer - rho 1.000E+08, alpha 1.191E+05
2022-04-16 10:37:36,227 INFO - trainers.al_trainer - [Iter 4] loss 2.275E+04, mse 4.619E+07, acyclic 1.625E-03, shd 29, tpr 0.167, fdr 0.897, pred_size 29
2022-04-16 10:37:36,228 INFO - trainers.al_trainer - rho 1.000E+08, alpha 2.816E+05
2022-04-16 10:37:40,352 INFO - trainers.al_trainer - rho 1.000E+09, alpha 2.816E+05
2022-04-16 10:37:44,461 INFO - trainers.al_trainer - [Iter 5] loss 2.302E+04, mse 4.708E+07, acyclic 3.595E-04, shd 29, tpr 0.167, fdr 0.897, pred_size 29
2022-04-16 10:37:44,462 INFO - trainers.al_trainer - rho 1.000E+09, alpha 6.411E+05
2022-04-16 10:37:48,592 INFO - trainers.al_trainer - rho 1.000E+10, alpha 6.411E+05
2022-04-16 10:37:52,707 INFO - trainers.al_trainer - [Iter 6] loss 2.306E+04, mse 4.750E+07, acyclic 4.768E-06, shd 29, tpr 0.167, fdr 0.897, pred_size 29
2022-04-16 10:37:52,708 INFO - trainers.al_trainer - rho 1.000E+10, alpha 6.888E+05
2022-04-16 10:37:56,807 INFO - trainers.al_trainer - rho 1.000E+11, alpha 6.888E+05
2022-04-16 10:38:00,927 INFO - trainers.al_trainer - rho 1.000E+12, alpha 6.888E+05
2022-04-16 10:38:05,059 INFO - trainers.al_trainer - rho 1.000E+13, alpha 6.888E+05
2022-04-16 10:38:09,183 INFO - trainers.al_trainer - [Iter 7] loss 2.941E+04, mse 5.947E+07, acyclic -1.049E-05, shd 31, tpr 0.056, fdr 0.960, pred_size 25
2022-04-16 10:38:09,184 INFO - trainers.al_trainer - Early stopping at 7-th iteration
2022-04-16 10:38:09,226 INFO - trainers.al_trainer - Model saved to output/concrete/2022-04-16_23-36-52-698/model/
2022-04-16 10:38:09,227 INFO - __main__ - Finished training model
2022-04-16 10:38:09,559 INFO - __main__ - Results: {'fdr': 0.75, 'tpr': 1.0, 'fpr': 3.0, 'shd': 36, 'pred_size': 72}
2022-04-16 10:38:09,563 INFO - __main__ - The time used to execute this is given below
2022-04-16 10:38:09,563 INFO - __main__ - 78.44795608520508
2022-04-16 10:38:58,049 INFO - __main__ - Results: {'fdr': 0.75, 'tpr': 1.0, 'fpr': 3.0, 'shd': 36, 'pred_size': 72}
2022-04-16 10:39:01,164 INFO - __main__ - The time used to execute this is given below
2022-04-16 10:39:01,165 INFO - __main__ - 130.04948115348816
