2022-04-03 08:50:23,852 INFO - helpers.log_helper - Finished configuring logger.
2022-04-03 08:50:23,854 INFO - __main__ - Finished generating dataset
2022-04-03 08:50:24,605 INFO - models.notears - Model summary:
2022-04-03 08:50:24,605 INFO - models.notears - ---------
2022-04-03 08:50:24,606 INFO - models.notears - Variables: name (type shape) [size]
2022-04-03 08:50:24,606 INFO - models.notears - ---------
2022-04-03 08:50:24,607 INFO - models.notears - Variable:0 (float32 5x5) [25, bytes: 100]
2022-04-03 08:50:24,607 INFO - models.notears - Total size of variables: 25
2022-04-03 08:50:24,607 INFO - models.notears - Total bytes of variables: 100
2022-04-03 08:50:24,648 INFO - trainers.al_trainer - Started training for 20 iterations
2022-04-03 08:50:24,649 INFO - trainers.al_trainer - rho 1.000E+00, alpha 0.000E+00
2022-04-03 08:50:28,078 INFO - trainers.al_trainer - [Iter 1] loss 1.723E+00, mse 1.717E+03, acyclic 1.160E-01, shd 3, tpr 0.667, fdr 0.600, pred_size 5
2022-04-03 08:50:28,080 INFO - trainers.al_trainer - rho 1.000E+00, alpha 1.160E-01
2022-04-03 08:50:30,674 INFO - trainers.al_trainer - rho 1.000E+01, alpha 1.160E-01
2022-04-03 08:50:33,303 INFO - trainers.al_trainer - rho 1.000E+02, alpha 1.160E-01
2022-04-03 08:50:35,906 INFO - trainers.al_trainer - [Iter 2] loss 1.822E+00, mse 1.786E+03, acyclic 2.545E-02, shd 2, tpr 0.667, fdr 0.500, pred_size 4
2022-04-03 08:50:35,907 INFO - trainers.al_trainer - rho 1.000E+02, alpha 2.661E+00
2022-04-03 08:50:38,515 INFO - trainers.al_trainer - rho 1.000E+03, alpha 2.661E+00
2022-04-03 08:50:41,113 INFO - trainers.al_trainer - [Iter 3] loss 1.912E+00, mse 1.876E+03, acyclic 6.161E-03, shd 1, tpr 0.667, fdr 0.000, pred_size 2
2022-04-03 08:50:41,121 INFO - trainers.al_trainer - rho 1.000E+03, alpha 8.821E+00
2022-04-03 08:50:43,740 INFO - trainers.al_trainer - rho 1.000E+04, alpha 8.821E+00
2022-04-03 08:50:46,330 INFO - trainers.al_trainer - [Iter 4] loss 1.965E+00, mse 1.940E+03, acyclic 1.533E-03, shd 0, tpr 1.000, fdr 0.000, pred_size 3
2022-04-03 08:50:46,338 INFO - trainers.al_trainer - rho 1.000E+04, alpha 2.415E+01
2022-04-03 08:50:48,944 INFO - trainers.al_trainer - rho 1.000E+05, alpha 2.415E+01
2022-04-03 08:50:51,552 INFO - trainers.al_trainer - [Iter 5] loss 1.996E+00, mse 1.982E+03, acyclic 3.424E-04, shd 0, tpr 1.000, fdr 0.000, pred_size 3
2022-04-03 08:50:51,554 INFO - trainers.al_trainer - rho 1.000E+05, alpha 5.838E+01
2022-04-03 08:50:54,180 INFO - trainers.al_trainer - rho 1.000E+06, alpha 5.838E+01
2022-04-03 08:50:56,769 INFO - trainers.al_trainer - [Iter 6] loss 2.011E+00, mse 2.004E+03, acyclic 7.725E-05, shd 0, tpr 1.000, fdr 0.000, pred_size 3
2022-04-03 08:50:56,771 INFO - trainers.al_trainer - rho 1.000E+06, alpha 1.356E+02
2022-04-03 08:50:59,393 INFO - trainers.al_trainer - rho 1.000E+07, alpha 1.356E+02
2022-04-03 08:51:01,995 INFO - trainers.al_trainer - [Iter 7] loss 2.019E+00, mse 2.015E+03, acyclic 1.764E-05, shd 0, tpr 1.000, fdr 0.000, pred_size 3
2022-04-03 08:51:01,997 INFO - trainers.al_trainer - rho 1.000E+07, alpha 3.121E+02
2022-04-03 08:51:04,607 INFO - trainers.al_trainer - rho 1.000E+08, alpha 3.121E+02
2022-04-03 08:51:07,213 INFO - trainers.al_trainer - [Iter 8] loss 2.023E+00, mse 2.021E+03, acyclic 3.815E-06, shd 0, tpr 1.000, fdr 0.000, pred_size 3
2022-04-03 08:51:07,215 INFO - trainers.al_trainer - rho 1.000E+08, alpha 6.935E+02
2022-04-03 08:51:09,817 INFO - trainers.al_trainer - rho 1.000E+09, alpha 6.935E+02
2022-04-03 08:51:12,413 INFO - trainers.al_trainer - [Iter 9] loss 2.025E+00, mse 2.024E+03, acyclic 9.537E-07, shd 0, tpr 1.000, fdr 0.000, pred_size 3
2022-04-03 08:51:12,415 INFO - trainers.al_trainer - rho 1.000E+09, alpha 1.647E+03
2022-04-03 08:51:15,028 INFO - trainers.al_trainer - rho 1.000E+10, alpha 1.647E+03
2022-04-03 08:51:17,639 INFO - trainers.al_trainer - [Iter 10] loss 2.025E+00, mse 2.025E+03, acyclic 0.000E+00, shd 0, tpr 1.000, fdr 0.000, pred_size 3
2022-04-03 08:51:17,640 INFO - trainers.al_trainer - Early stopping at 10-th iteration
2022-04-03 08:51:17,680 INFO - trainers.al_trainer - Model saved to output/n_500_d_5_e_3_ER/2022-04-03_21-50-23-852/model/
2022-04-03 08:51:17,682 INFO - __main__ - Finished training model
2022-04-03 08:51:18,002 INFO - __main__ - Thresholding.
2022-04-03 08:51:18,305 INFO - __main__ - Results after thresholding by 0: {'fdr': 0.85, 'tpr': 1.0, 'fpr': 2.4285714285714284, 'shd': 10, 'pred_size': 20}
