2022-04-03 15:20:42,134 INFO - helpers.log_helper - Finished configuring logger.
2022-04-03 15:20:42,137 INFO - __main__ - Finished generating dataset
2022-04-03 15:20:42,801 INFO - models.notears - Model summary:
2022-04-03 15:20:42,801 INFO - models.notears - ---------
2022-04-03 15:20:42,802 INFO - models.notears - Variables: name (type shape) [size]
2022-04-03 15:20:42,802 INFO - models.notears - ---------
2022-04-03 15:20:42,802 INFO - models.notears - Variable:0 (float32 20x20) [400, bytes: 1600]
2022-04-03 15:20:42,802 INFO - models.notears - Total size of variables: 400
2022-04-03 15:20:42,802 INFO - models.notears - Total bytes of variables: 1600
2022-04-03 15:20:42,825 INFO - trainers.al_trainer - Started training for 20 iterations
2022-04-03 15:20:42,825 INFO - trainers.al_trainer - rho 1.000E+00, alpha 0.000E+00
2022-04-03 15:20:46,395 INFO - trainers.al_trainer - [Iter 1] loss 6.932E+00, mse 2.739E+04, acyclic 4.126E-01, shd 33, tpr 0.316, fdr 0.842, pred_size 38
2022-04-03 15:20:46,400 INFO - trainers.al_trainer - rho 1.000E+00, alpha 4.126E-01
2022-04-03 15:20:49,178 INFO - trainers.al_trainer - rho 1.000E+01, alpha 4.126E-01
2022-04-03 15:20:51,927 INFO - trainers.al_trainer - rho 1.000E+02, alpha 4.126E-01
2022-04-03 15:20:54,716 INFO - trainers.al_trainer - [Iter 2] loss 7.500E+00, mse 2.945E+04, acyclic 4.874E-02, shd 26, tpr 0.000, fdr 1.000, pred_size 21
2022-04-03 15:20:54,716 INFO - trainers.al_trainer - rho 1.000E+02, alpha 5.286E+00
2022-04-03 15:20:57,496 INFO - trainers.al_trainer - rho 1.000E+03, alpha 5.286E+00
2022-04-03 15:21:00,274 INFO - trainers.al_trainer - [Iter 3] loss 7.806E+00, mse 3.075E+04, acyclic 1.096E-02, shd 27, tpr 0.000, fdr 1.000, pred_size 24
2022-04-03 15:21:00,274 INFO - trainers.al_trainer - rho 1.000E+03, alpha 1.624E+01
2022-04-03 15:21:03,033 INFO - trainers.al_trainer - rho 1.000E+04, alpha 1.624E+01
2022-04-03 15:21:05,823 INFO - trainers.al_trainer - [Iter 4] loss 7.973E+00, mse 3.157E+04, acyclic 2.686E-03, shd 28, tpr 0.000, fdr 1.000, pred_size 25
2022-04-03 15:21:05,824 INFO - trainers.al_trainer - rho 1.000E+04, alpha 4.310E+01
2022-04-03 15:21:08,602 INFO - trainers.al_trainer - rho 1.000E+05, alpha 4.310E+01
2022-04-03 15:21:11,365 INFO - trainers.al_trainer - [Iter 5] loss 8.071E+00, mse 3.209E+04, acyclic 6.371E-04, shd 29, tpr 0.000, fdr 1.000, pred_size 26
2022-04-03 15:21:11,365 INFO - trainers.al_trainer - rho 1.000E+05, alpha 1.068E+02
2022-04-03 15:21:14,145 INFO - trainers.al_trainer - rho 1.000E+06, alpha 1.068E+02
2022-04-03 15:21:16,934 INFO - trainers.al_trainer - [Iter 6] loss 8.124E+00, mse 3.239E+04, acyclic 1.450E-04, shd 27, tpr 0.000, fdr 1.000, pred_size 25
2022-04-03 15:21:16,935 INFO - trainers.al_trainer - rho 1.000E+06, alpha 2.518E+02
2022-04-03 15:21:19,710 INFO - trainers.al_trainer - rho 1.000E+07, alpha 2.518E+02
2022-04-03 15:21:22,470 INFO - trainers.al_trainer - [Iter 7] loss 8.151E+00, mse 3.255E+04, acyclic 3.242E-05, shd 29, tpr 0.000, fdr 1.000, pred_size 27
2022-04-03 15:21:22,471 INFO - trainers.al_trainer - rho 1.000E+07, alpha 5.760E+02
2022-04-03 15:21:25,264 INFO - trainers.al_trainer - rho 1.000E+08, alpha 5.760E+02
2022-04-03 15:21:28,028 INFO - trainers.al_trainer - [Iter 8] loss 8.166E+00, mse 3.263E+04, acyclic 7.629E-06, shd 29, tpr 0.000, fdr 1.000, pred_size 27
2022-04-03 15:21:28,028 INFO - trainers.al_trainer - rho 1.000E+08, alpha 1.339E+03
2022-04-03 15:21:30,798 INFO - trainers.al_trainer - rho 1.000E+09, alpha 1.339E+03
2022-04-03 15:21:33,570 INFO - trainers.al_trainer - [Iter 9] loss 8.166E+00, mse 3.266E+04, acyclic 0.000E+00, shd 29, tpr 0.000, fdr 1.000, pred_size 27
2022-04-03 15:21:33,570 INFO - trainers.al_trainer - Early stopping at 9-th iteration
2022-04-03 15:21:33,611 INFO - trainers.al_trainer - Model saved to output/n_2000_d_20_e_12_SF/2022-04-04_04-20-42-126/model/
2022-04-03 15:21:33,612 INFO - __main__ - Finished training model
2022-04-03 15:21:33,786 INFO - __main__ - Thresholding.
2022-04-03 15:21:33,954 INFO - __main__ - Results after thresholding by 0: {'fdr': 0.95, 'tpr': 1.0, 'fpr': 2.111111111111111, 'shd': 190, 'pred_size': 380}
2022-04-03 15:21:33,954 INFO - __main__ - The time used to execute this is given below
2022-04-03 15:21:33,954 INFO - __main__ - 53.43185806274414
