2022-04-13 13:14:37,536 INFO - helpers.log_helper - Finished configuring logger.
2022-04-13 13:14:37,539 INFO - __main__ - Finished generating dataset
2022-04-13 13:14:38,222 INFO - models.notears - Model summary:
2022-04-13 13:14:38,222 INFO - models.notears - ---------
2022-04-13 13:14:38,222 INFO - models.notears - Variables: name (type shape) [size]
2022-04-13 13:14:38,223 INFO - models.notears - ---------
2022-04-13 13:14:38,223 INFO - models.notears - Variable:0 (float32 20x20) [400, bytes: 1600]
2022-04-13 13:14:38,223 INFO - models.notears - Total size of variables: 400
2022-04-13 13:14:38,223 INFO - models.notears - Total bytes of variables: 1600
2022-04-13 13:14:38,246 INFO - trainers.al_trainer - Started training for 20 iterations
2022-04-13 13:14:38,246 INFO - trainers.al_trainer - rho 1.000E+00, alpha 0.000E+00
2022-04-13 13:14:41,829 INFO - trainers.al_trainer - [Iter 1] loss 8.833E+00, mse 8.782E+03, acyclic 3.191E-01, shd 10, tpr 0.583, fdr 0.462, pred_size 13
2022-04-13 13:14:41,834 INFO - trainers.al_trainer - rho 1.000E+00, alpha 3.191E-01
2022-04-13 13:14:44,638 INFO - trainers.al_trainer - rho 1.000E+01, alpha 3.191E-01
2022-04-13 13:14:47,430 INFO - trainers.al_trainer - rho 1.000E+02, alpha 3.191E-01
2022-04-13 13:14:50,219 INFO - trainers.al_trainer - [Iter 2] loss 9.278E+00, mse 9.164E+03, acyclic 4.457E-02, shd 6, tpr 0.500, fdr 0.000, pred_size 6
2022-04-13 13:14:50,219 INFO - trainers.al_trainer - rho 1.000E+02, alpha 4.776E+00
2022-04-13 13:14:53,006 INFO - trainers.al_trainer - rho 1.000E+03, alpha 4.776E+00
2022-04-13 13:14:55,790 INFO - trainers.al_trainer - [Iter 3] loss 9.522E+00, mse 9.434E+03, acyclic 9.319E-03, shd 5, tpr 0.583, fdr 0.000, pred_size 7
2022-04-13 13:14:55,790 INFO - trainers.al_trainer - rho 1.000E+03, alpha 1.410E+01
2022-04-13 13:14:58,587 INFO - trainers.al_trainer - rho 1.000E+04, alpha 1.410E+01
2022-04-13 13:15:01,362 INFO - trainers.al_trainer - [Iter 4] loss 9.640E+00, mse 9.582E+03, acyclic 2.281E-03, shd 5, tpr 0.583, fdr 0.000, pred_size 7
2022-04-13 13:15:01,362 INFO - trainers.al_trainer - rho 1.000E+04, alpha 3.691E+01
2022-04-13 13:15:04,155 INFO - trainers.al_trainer - rho 1.000E+05, alpha 3.691E+01
2022-04-13 13:15:06,942 INFO - trainers.al_trainer - rho 1.000E+06, alpha 3.691E+01
2022-04-13 13:15:09,727 INFO - trainers.al_trainer - [Iter 5] loss 9.760E+00, mse 9.734E+03, acyclic 1.945E-04, shd 6, tpr 0.583, fdr 0.222, pred_size 9
2022-04-13 13:15:09,728 INFO - trainers.al_trainer - rho 1.000E+06, alpha 2.315E+02
2022-04-13 13:15:12,539 INFO - trainers.al_trainer - rho 1.000E+07, alpha 2.315E+02
2022-04-13 13:15:15,332 INFO - trainers.al_trainer - [Iter 6] loss 9.809E+00, mse 9.788E+03, acyclic 4.578E-05, shd 6, tpr 0.583, fdr 0.222, pred_size 9
2022-04-13 13:15:15,332 INFO - trainers.al_trainer - rho 1.000E+07, alpha 6.892E+02
2022-04-13 13:15:18,131 INFO - trainers.al_trainer - rho 1.000E+08, alpha 6.892E+02
2022-04-13 13:15:20,921 INFO - trainers.al_trainer - [Iter 7] loss 9.832E+00, mse 9.821E+03, acyclic 9.537E-06, shd 6, tpr 0.583, fdr 0.222, pred_size 9
2022-04-13 13:15:20,922 INFO - trainers.al_trainer - rho 1.000E+08, alpha 1.643E+03
2022-04-13 13:15:23,713 INFO - trainers.al_trainer - rho 1.000E+09, alpha 1.643E+03
2022-04-13 13:15:26,510 INFO - trainers.al_trainer - [Iter 8] loss 9.840E+00, mse 9.840E+03, acyclic 0.000E+00, shd 6, tpr 0.583, fdr 0.222, pred_size 9
2022-04-13 13:15:26,511 INFO - trainers.al_trainer - Early stopping at 8-th iteration
2022-04-13 13:15:26,552 INFO - trainers.al_trainer - Model saved to output/n_500_d_20_e_12_ER/2022-04-14_02-14-37-536/model/
2022-04-13 13:15:26,553 INFO - __main__ - Finished training model
2022-04-13 13:15:26,728 INFO - __main__ - Thresholding.
2022-04-13 13:15:26,900 INFO - __main__ - Results after thresholding by 0.3: {'fdr': 0.2222222222222222, 'tpr': 0.5833333333333334, 'fpr': 0.011235955056179775, 'shd': 6, 'pred_size': 9}
2022-04-13 13:15:26,900 INFO - __main__ - The time used to execute this is given below
2022-04-13 13:15:26,900 INFO - __main__ - 50.972323417663574
