2022-04-13 14:55:45,967 INFO - helpers.log_helper - Finished configuring logger.
2022-04-13 14:55:45,987 INFO - __main__ - Finished generating dataset
2022-04-13 14:55:46,674 INFO - models.notears - Model summary:
2022-04-13 14:55:46,674 INFO - models.notears - ---------
2022-04-13 14:55:46,674 INFO - models.notears - Variables: name (type shape) [size]
2022-04-13 14:55:46,674 INFO - models.notears - ---------
2022-04-13 14:55:46,674 INFO - models.notears - Variable:0 (float32 100x100) [10000, bytes: 40000]
2022-04-13 14:55:46,674 INFO - models.notears - Total size of variables: 10000
2022-04-13 14:55:46,675 INFO - models.notears - Total bytes of variables: 40000
2022-04-13 14:55:46,717 INFO - trainers.al_trainer - Started training for 20 iterations
2022-04-13 14:55:46,717 INFO - trainers.al_trainer - rho 1.000E+00, alpha 0.000E+00
2022-04-13 14:55:51,345 INFO - trainers.al_trainer - [Iter 1] loss 4.066E+01, mse 1.596E+05, acyclic 1.223E+00, shd 78, tpr 0.485, fdr 0.385, pred_size 78
2022-04-13 14:55:51,350 INFO - trainers.al_trainer - rho 1.000E+00, alpha 1.223E+00
2022-04-13 14:55:55,160 INFO - trainers.al_trainer - rho 1.000E+01, alpha 1.223E+00
2022-04-13 14:55:58,964 INFO - trainers.al_trainer - rho 1.000E+02, alpha 1.223E+00
2022-04-13 14:56:02,734 INFO - trainers.al_trainer - [Iter 2] loss 4.452E+01, mse 1.750E+05, acyclic 1.119E-01, shd 53, tpr 0.525, fdr 0.133, pred_size 60
2022-04-13 14:56:02,735 INFO - trainers.al_trainer - rho 1.000E+02, alpha 1.241E+01
2022-04-13 14:56:06,530 INFO - trainers.al_trainer - rho 1.000E+03, alpha 1.241E+01
2022-04-13 14:56:10,332 INFO - trainers.al_trainer - [Iter 3] loss 4.609E+01, mse 1.818E+05, acyclic 2.559E-02, shd 50, tpr 0.556, fdr 0.113, pred_size 62
2022-04-13 14:56:10,332 INFO - trainers.al_trainer - rho 1.000E+03, alpha 3.800E+01
2022-04-13 14:56:14,132 INFO - trainers.al_trainer - rho 1.000E+04, alpha 3.800E+01
2022-04-13 14:56:17,943 INFO - trainers.al_trainer - rho 1.000E+05, alpha 3.800E+01
2022-04-13 14:56:21,741 INFO - trainers.al_trainer - [Iter 4] loss 4.763E+01, mse 1.893E+05, acyclic 2.174E-03, shd 47, tpr 0.586, fdr 0.108, pred_size 65
2022-04-13 14:56:21,742 INFO - trainers.al_trainer - rho 1.000E+05, alpha 2.554E+02
2022-04-13 14:56:25,630 INFO - trainers.al_trainer - rho 1.000E+06, alpha 2.554E+02
2022-04-13 14:56:29,438 INFO - trainers.al_trainer - [Iter 5] loss 4.823E+01, mse 1.920E+05, acyclic 4.883E-04, shd 41, tpr 0.646, fdr 0.099, pred_size 71
2022-04-13 14:56:29,438 INFO - trainers.al_trainer - rho 1.000E+06, alpha 7.437E+02
2022-04-13 14:56:33,226 INFO - trainers.al_trainer - rho 1.000E+07, alpha 7.437E+02
2022-04-13 14:56:37,034 INFO - trainers.al_trainer - [Iter 6] loss 4.855E+01, mse 1.936E+05, acyclic 1.144E-04, shd 40, tpr 0.646, fdr 0.086, pred_size 70
2022-04-13 14:56:37,035 INFO - trainers.al_trainer - rho 1.000E+07, alpha 1.888E+03
2022-04-13 14:56:40,855 INFO - trainers.al_trainer - rho 1.000E+08, alpha 1.888E+03
2022-04-13 14:56:44,688 INFO - trainers.al_trainer - [Iter 7] loss 4.870E+01, mse 1.945E+05, acyclic 2.289E-05, shd 40, tpr 0.646, fdr 0.086, pred_size 70
2022-04-13 14:56:44,688 INFO - trainers.al_trainer - rho 1.000E+08, alpha 4.177E+03
2022-04-13 14:56:48,607 INFO - trainers.al_trainer - rho 1.000E+09, alpha 4.177E+03
2022-04-13 14:56:52,580 INFO - trainers.al_trainer - [Iter 8] loss 4.876E+01, mse 1.950E+05, acyclic 0.000E+00, shd 40, tpr 0.646, fdr 0.086, pred_size 70
2022-04-13 14:56:52,580 INFO - trainers.al_trainer - Early stopping at 8-th iteration
2022-04-13 14:56:52,622 INFO - trainers.al_trainer - Model saved to output/n_2000_d_100_e_60_SF/2022-04-14_03-55-45-967/model/
2022-04-13 14:56:52,623 INFO - __main__ - Finished training model
2022-04-13 14:56:52,794 INFO - __main__ - Results: {'fdr': 0.99, 'tpr': 1.0, 'fpr': 2.020408163265306, 'shd': 4950, 'pred_size': 9900}
2022-04-13 14:56:52,794 INFO - __main__ - Thresholding.
2022-04-13 14:56:52,953 INFO - __main__ - Results after thresholding by 0.3: {'fdr': 0.08571428571428572, 'tpr': 0.6464646464646465, 'fpr': 0.0012368583797155227, 'shd': 40, 'pred_size': 70}
2022-04-13 14:56:52,953 INFO - __main__ - The time used to execute this is given below
2022-04-13 14:56:52,953 INFO - __main__ - 68.61229014396667
