2022-07-06 21:27:33,841 INFO - helpers.log_helper - Finished configuring logger.
2022-07-06 21:27:34,156 INFO - __main__ - Finished generating dataset
2022-07-06 21:27:42,707 INFO - models.notears - Model summary:
2022-07-06 21:27:42,709 INFO - models.notears - ---------
2022-07-06 21:27:42,710 INFO - models.notears - Variables: name (type shape) [size]
2022-07-06 21:27:42,711 INFO - models.notears - ---------
2022-07-06 21:27:42,712 INFO - models.notears - Variable:0 (float32 224x224) [50176, bytes: 200704]
2022-07-06 21:27:42,712 INFO - models.notears - Total size of variables: 50176
2022-07-06 21:27:42,712 INFO - models.notears - Total bytes of variables: 200704
2022-07-06 21:27:50,862 INFO - trainers.al_trainer - Started training for 1 iterations
2022-07-06 21:27:50,868 INFO - trainers.al_trainer - rho 1.000E+00, alpha 0.000E+00
2022-07-06 21:28:06,465 INFO - trainers.al_trainer - [Iter 1] loss 1.514E+14, mse 7.540E+17, acyclic 1.126E+00, shd 4820, tpr 0.077, fdr 0.992, pred_size 4489
2022-07-06 21:28:06,530 INFO - trainers.al_trainer - Model saved to output/2022-07-06_21-27-33-840/model/
2022-07-06 21:28:06,533 INFO - __main__ - Finished training model
2022-07-06 21:28:09,235 INFO - models.notears - Model summary:
2022-07-06 21:28:09,235 INFO - models.notears - ---------
2022-07-06 21:28:09,236 INFO - models.notears - Variables: name (type shape) [size]
2022-07-06 21:28:09,236 INFO - models.notears - ---------
2022-07-06 21:28:09,237 INFO - models.notears - Variable:0 (float32 224x224) [50176, bytes: 200704]
2022-07-06 21:28:09,238 INFO - models.notears - Total size of variables: 50176
2022-07-06 21:28:09,239 INFO - models.notears - Total bytes of variables: 200704
2022-07-06 21:28:09,293 INFO - trainers.al_trainer - Started training for 5 iterations
2022-07-06 21:28:09,294 INFO - trainers.al_trainer - rho 1.000E+00, alpha 0.000E+00
2022-07-06 21:28:22,339 INFO - trainers.al_trainer - [Iter 1] loss 1.514E+14, mse 7.540E+17, acyclic 1.126E+00, shd 4820, tpr 0.077, fdr 0.992, pred_size 4489
2022-07-06 21:28:22,341 INFO - trainers.al_trainer - rho 1.000E+00, alpha 1.126E+00
2022-07-06 21:28:37,156 INFO - trainers.al_trainer - rho 1.000E+01, alpha 1.126E+00
2022-07-06 21:28:52,712 INFO - trainers.al_trainer - rho 1.000E+02, alpha 1.126E+00
2022-07-06 21:29:08,499 INFO - trainers.al_trainer - rho 1.000E+03, alpha 1.126E+00
2022-07-06 21:29:24,781 INFO - trainers.al_trainer - rho 1.000E+04, alpha 1.126E+00
2022-07-06 21:29:41,437 INFO - trainers.al_trainer - rho 1.000E+05, alpha 1.126E+00
2022-07-06 21:29:58,236 INFO - trainers.al_trainer - rho 1.000E+06, alpha 1.126E+00
2022-07-06 21:30:15,246 INFO - trainers.al_trainer - rho 1.000E+07, alpha 1.126E+00
2022-07-06 21:30:32,353 INFO - trainers.al_trainer - rho 1.000E+08, alpha 1.126E+00
2022-07-06 21:30:40,096 INFO - trainers.al_trainer - [Iter 2] loss NAN, mse NAN, acyclic NAN, shd 24976, tpr 1.000, fdr 0.991, pred_size 49952
2022-07-06 21:30:40,098 INFO - trainers.al_trainer - rho 1.000E+08, alpha NAN
2022-07-06 21:30:47,630 INFO - trainers.al_trainer - [Iter 3] loss NAN, mse NAN, acyclic NAN, shd 24976, tpr 1.000, fdr 0.991, pred_size 49952
2022-07-06 21:30:47,633 INFO - trainers.al_trainer - rho 1.000E+08, alpha NAN
2022-07-06 21:30:55,072 INFO - trainers.al_trainer - [Iter 4] loss NAN, mse NAN, acyclic NAN, shd 24976, tpr 1.000, fdr 0.991, pred_size 49952
2022-07-06 21:30:55,075 INFO - trainers.al_trainer - rho 1.000E+08, alpha NAN
2022-07-06 21:31:02,665 INFO - trainers.al_trainer - [Iter 5] loss NAN, mse NAN, acyclic NAN, shd 24976, tpr 1.000, fdr 0.991, pred_size 49952
2022-07-06 21:31:02,723 INFO - trainers.al_trainer - Model saved to output/2022-07-06_21-27-33-840/model/
2022-07-06 21:31:02,725 INFO - __main__ - Finished training model
2022-07-06 21:32:08,823 INFO - __main__ - Thresholding.
2022-07-06 21:32:09,328 INFO - __main__ - Results after thresholding by 0.3: {'fdr': 0.9909312940422806, 'tpr': 1.0, 'fpr': 2.0184724544305346, 'shd': 24976, 'pred_size': 49952}
2022-07-06 22:05:39,827 INFO - trainers.al_trainer - Started training for 2 iterations
2022-07-06 22:05:39,828 INFO - trainers.al_trainer - rho 1.000E+00, alpha 0.000E+00
2022-07-06 22:05:46,952 INFO - trainers.al_trainer - [Iter 1] loss 1.514E+14, mse 7.540E+17, acyclic 1.126E+00, shd 4820, tpr 0.077, fdr 0.992, pred_size 4489
2022-07-06 22:05:46,953 INFO - trainers.al_trainer - rho 1.000E+00, alpha 1.126E+00
2022-07-06 22:05:55,150 INFO - trainers.al_trainer - rho 1.000E+00, alpha 1.126E+00
2022-07-06 22:06:03,865 INFO - trainers.al_trainer - rho 1.000E+00, alpha 1.126E+00
2022-07-06 22:06:12,910 INFO - trainers.al_trainer - rho 1.000E+00, alpha 1.126E+00
2022-07-06 22:06:22,139 INFO - trainers.al_trainer - rho 1.000E+00, alpha 1.126E+00
2022-07-06 22:06:31,682 INFO - trainers.al_trainer - rho 1.000E+00, alpha 1.126E+00
2022-07-06 22:06:41,321 INFO - trainers.al_trainer - rho 1.000E+00, alpha 1.126E+00
2022-07-06 22:06:51,197 INFO - trainers.al_trainer - rho 1.000E+00, alpha 1.126E+00
2022-07-06 22:07:01,204 INFO - trainers.al_trainer - rho 1.000E+00, alpha 1.126E+00
2022-07-06 22:07:11,302 INFO - trainers.al_trainer - rho 1.000E+00, alpha 1.126E+00
2022-07-06 22:07:21,806 INFO - trainers.al_trainer - rho 1.000E+00, alpha 1.126E+00
2022-07-06 22:07:32,158 INFO - trainers.al_trainer - rho 1.000E+00, alpha 1.126E+00
2022-07-06 22:07:42,517 INFO - trainers.al_trainer - rho 1.000E+00, alpha 1.126E+00
2022-07-06 22:07:53,028 INFO - trainers.al_trainer - rho 1.000E+00, alpha 1.126E+00
2022-07-06 22:08:03,791 INFO - trainers.al_trainer - rho 1.000E+00, alpha 1.126E+00
2022-07-06 22:08:14,494 INFO - trainers.al_trainer - rho 1.000E+00, alpha 1.126E+00
2022-07-06 22:08:25,180 INFO - trainers.al_trainer - rho 1.000E+00, alpha 1.126E+00
2022-07-06 22:08:35,875 INFO - trainers.al_trainer - rho 1.000E+00, alpha 1.126E+00
2022-07-06 22:08:46,531 INFO - trainers.al_trainer - rho 1.000E+00, alpha 1.126E+00
2022-07-06 22:08:57,401 INFO - trainers.al_trainer - rho 1.000E+00, alpha 1.126E+00
2022-07-06 22:09:08,294 INFO - trainers.al_trainer - rho 1.000E+00, alpha 1.126E+00
2022-07-06 22:09:19,165 INFO - trainers.al_trainer - rho 1.000E+00, alpha 1.126E+00
2022-07-06 22:09:30,047 INFO - trainers.al_trainer - rho 1.000E+00, alpha 1.126E+00
2022-07-06 22:09:40,946 INFO - trainers.al_trainer - rho 1.000E+00, alpha 1.126E+00
2022-07-06 22:09:51,789 INFO - trainers.al_trainer - rho 1.000E+00, alpha 1.126E+00
2022-07-06 22:10:02,662 INFO - trainers.al_trainer - rho 1.000E+00, alpha 1.126E+00
2022-07-06 22:10:13,827 INFO - trainers.al_trainer - rho 1.000E+00, alpha 1.126E+00
2022-07-06 22:10:25,066 INFO - trainers.al_trainer - rho 1.000E+00, alpha 1.126E+00
2022-07-06 22:10:36,295 INFO - trainers.al_trainer - rho 1.000E+00, alpha 1.126E+00
2022-07-06 22:10:47,572 INFO - trainers.al_trainer - rho 1.000E+00, alpha 1.126E+00
2022-07-06 22:10:58,811 INFO - trainers.al_trainer - rho 1.000E+00, alpha 1.126E+00
2022-07-06 22:11:10,061 INFO - trainers.al_trainer - rho 1.000E+00, alpha 1.126E+00
2022-07-06 22:11:21,249 INFO - trainers.al_trainer - rho 1.000E+00, alpha 1.126E+00
2022-07-06 22:11:32,474 INFO - trainers.al_trainer - rho 1.000E+00, alpha 1.126E+00
2022-07-06 22:11:43,645 INFO - trainers.al_trainer - rho 1.000E+00, alpha 1.126E+00
2022-07-06 22:11:54,849 INFO - trainers.al_trainer - rho 1.000E+00, alpha 1.126E+00
2022-07-06 22:12:06,235 INFO - trainers.al_trainer - rho 1.000E+00, alpha 1.126E+00
2022-07-06 22:12:17,725 INFO - trainers.al_trainer - rho 1.000E+00, alpha 1.126E+00
2022-07-06 22:12:29,383 INFO - trainers.al_trainer - rho 1.000E+00, alpha 1.126E+00
2022-07-06 22:12:41,004 INFO - trainers.al_trainer - rho 1.000E+00, alpha 1.126E+00
2022-07-06 22:12:52,510 INFO - trainers.al_trainer - rho 1.000E+00, alpha 1.126E+00
2022-07-06 22:13:04,061 INFO - trainers.al_trainer - rho 1.000E+00, alpha 1.126E+00
2022-07-06 22:13:15,596 INFO - trainers.al_trainer - rho 1.000E+00, alpha 1.126E+00
2022-07-06 22:13:27,100 INFO - trainers.al_trainer - rho 1.000E+00, alpha 1.126E+00
2022-07-06 22:13:38,646 INFO - trainers.al_trainer - rho 1.000E+00, alpha 1.126E+00
2022-07-06 22:13:50,141 INFO - trainers.al_trainer - rho 1.000E+00, alpha 1.126E+00
2022-07-06 22:14:01,699 INFO - trainers.al_trainer - rho 1.000E+00, alpha 1.126E+00
2022-07-06 22:14:13,178 INFO - trainers.al_trainer - rho 1.000E+00, alpha 1.126E+00
2022-07-06 22:14:25,470 INFO - trainers.al_trainer - rho 1.000E+00, alpha 1.126E+00
2022-07-06 22:14:38,894 INFO - trainers.al_trainer - rho 1.000E+00, alpha 1.126E+00
2022-07-06 22:14:52,482 INFO - trainers.al_trainer - rho 1.000E+00, alpha 1.126E+00
2022-07-06 22:15:06,872 INFO - trainers.al_trainer - rho 1.000E+00, alpha 1.126E+00
2022-07-06 22:15:20,765 INFO - trainers.al_trainer - rho 1.000E+00, alpha 1.126E+00
2022-07-06 22:15:32,618 INFO - trainers.al_trainer - rho 1.000E+00, alpha 1.126E+00
2022-07-06 22:15:44,453 INFO - trainers.al_trainer - rho 1.000E+00, alpha 1.126E+00
2022-07-06 22:15:56,252 INFO - trainers.al_trainer - rho 1.000E+00, alpha 1.126E+00
2022-07-06 22:16:08,070 INFO - trainers.al_trainer - rho 1.000E+00, alpha 1.126E+00
2022-07-06 22:16:19,898 INFO - trainers.al_trainer - rho 1.000E+00, alpha 1.126E+00
2022-07-06 22:16:31,731 INFO - trainers.al_trainer - rho 1.000E+00, alpha 1.126E+00
2022-07-06 22:16:43,585 INFO - trainers.al_trainer - rho 1.000E+00, alpha 1.126E+00
2022-07-06 22:16:55,426 INFO - trainers.al_trainer - rho 1.000E+00, alpha 1.126E+00
2022-07-06 22:17:07,339 INFO - trainers.al_trainer - rho 1.000E+00, alpha 1.126E+00
2022-07-06 22:17:19,222 INFO - trainers.al_trainer - rho 1.000E+00, alpha 1.126E+00
2022-07-06 22:17:31,141 INFO - trainers.al_trainer - rho 1.000E+00, alpha 1.126E+00
2022-07-06 22:17:42,965 INFO - trainers.al_trainer - rho 1.000E+00, alpha 1.126E+00
2022-07-06 22:17:54,764 INFO - trainers.al_trainer - rho 1.000E+00, alpha 1.126E+00
2022-07-06 22:18:06,618 INFO - trainers.al_trainer - rho 1.000E+00, alpha 1.126E+00
2022-07-06 22:18:18,427 INFO - trainers.al_trainer - rho 1.000E+00, alpha 1.126E+00
2022-07-06 22:18:30,236 INFO - trainers.al_trainer - rho 1.000E+00, alpha 1.126E+00
2022-07-06 22:18:42,132 INFO - trainers.al_trainer - rho 1.000E+00, alpha 1.126E+00
2022-07-06 22:18:53,913 INFO - trainers.al_trainer - rho 1.000E+00, alpha 1.126E+00
2022-07-06 22:19:05,872 INFO - trainers.al_trainer - rho 1.000E+00, alpha 1.126E+00
2022-07-06 22:19:18,240 INFO - trainers.al_trainer - rho 1.000E+00, alpha 1.126E+00
2022-07-06 22:19:30,744 INFO - trainers.al_trainer - rho 1.000E+00, alpha 1.126E+00
2022-07-06 22:19:43,002 INFO - trainers.al_trainer - rho 1.000E+00, alpha 1.126E+00
2022-07-06 22:19:55,253 INFO - trainers.al_trainer - rho 1.000E+00, alpha 1.126E+00
2022-07-06 22:20:07,490 INFO - trainers.al_trainer - rho 1.000E+00, alpha 1.126E+00
2022-07-06 22:20:19,717 INFO - trainers.al_trainer - rho 1.000E+00, alpha 1.126E+00
2022-07-06 22:20:32,593 INFO - trainers.al_trainer - rho 1.000E+00, alpha 1.126E+00
2022-07-06 22:20:46,842 INFO - trainers.al_trainer - rho 1.000E+00, alpha 1.126E+00
2022-07-06 22:20:59,062 INFO - trainers.al_trainer - rho 1.000E+00, alpha 1.126E+00
2022-07-06 22:21:11,441 INFO - trainers.al_trainer - rho 1.000E+00, alpha 1.126E+00
2022-07-06 22:21:23,687 INFO - trainers.al_trainer - rho 1.000E+00, alpha 1.126E+00
2022-07-06 22:21:35,964 INFO - trainers.al_trainer - rho 1.000E+00, alpha 1.126E+00
2022-07-06 22:21:48,158 INFO - trainers.al_trainer - rho 1.000E+00, alpha 1.126E+00
2022-07-06 22:22:00,393 INFO - trainers.al_trainer - rho 1.000E+00, alpha 1.126E+00
2022-07-06 22:22:12,601 INFO - trainers.al_trainer - rho 1.000E+00, alpha 1.126E+00
2022-07-06 22:22:24,919 INFO - trainers.al_trainer - rho 1.000E+00, alpha 1.126E+00
2022-07-06 22:22:37,080 INFO - trainers.al_trainer - rho 1.000E+00, alpha 1.126E+00
2022-07-06 22:22:49,169 INFO - trainers.al_trainer - rho 1.000E+00, alpha 1.126E+00
2022-07-06 22:23:01,297 INFO - trainers.al_trainer - rho 1.000E+00, alpha 1.126E+00
2022-07-06 22:23:13,509 INFO - trainers.al_trainer - rho 1.000E+00, alpha 1.126E+00
2022-07-06 22:23:25,695 INFO - trainers.al_trainer - rho 1.000E+00, alpha 1.126E+00
2022-07-06 22:23:37,855 INFO - trainers.al_trainer - rho 1.000E+00, alpha 1.126E+00
2022-07-06 22:23:49,985 INFO - trainers.al_trainer - rho 1.000E+00, alpha 1.126E+00
2022-07-06 22:24:02,144 INFO - trainers.al_trainer - rho 1.000E+00, alpha 1.126E+00
2022-07-06 22:24:14,305 INFO - trainers.al_trainer - rho 1.000E+00, alpha 1.126E+00
2022-07-06 22:24:26,480 INFO - trainers.al_trainer - rho 1.000E+00, alpha 1.126E+00
2022-07-06 22:24:38,650 INFO - trainers.al_trainer - rho 1.000E+00, alpha 1.126E+00
2022-07-06 22:24:50,780 INFO - trainers.al_trainer - rho 1.000E+00, alpha 1.126E+00
2022-07-06 22:25:02,948 INFO - trainers.al_trainer - rho 1.000E+00, alpha 1.126E+00
2022-07-06 22:25:20,071 INFO - trainers.al_trainer - rho 1.000E+00, alpha 1.126E+00
2022-07-06 22:25:39,030 INFO - trainers.al_trainer - rho 1.000E+00, alpha 1.126E+00
2022-07-06 22:25:58,102 INFO - trainers.al_trainer - rho 1.000E+00, alpha 1.126E+00
2022-07-06 22:26:16,922 INFO - trainers.al_trainer - rho 1.000E+00, alpha 1.126E+00
2022-07-06 22:26:34,093 INFO - trainers.al_trainer - rho 1.000E+00, alpha 1.126E+00
2022-07-06 22:26:51,453 INFO - trainers.al_trainer - rho 1.000E+00, alpha 1.126E+00
2022-07-06 22:27:09,061 INFO - trainers.al_trainer - rho 1.000E+00, alpha 1.126E+00
2022-07-06 22:27:27,009 INFO - trainers.al_trainer - rho 1.000E+00, alpha 1.126E+00
2022-07-06 22:27:44,896 INFO - trainers.al_trainer - rho 1.000E+00, alpha 1.126E+00
2022-07-06 22:28:02,873 INFO - trainers.al_trainer - rho 1.000E+00, alpha 1.126E+00
2022-07-06 22:28:20,681 INFO - trainers.al_trainer - rho 1.000E+00, alpha 1.126E+00
2022-07-06 22:28:38,652 INFO - trainers.al_trainer - rho 1.000E+00, alpha 1.126E+00
2022-07-06 22:28:56,982 INFO - trainers.al_trainer - rho 1.000E+00, alpha 1.126E+00
2022-07-06 22:29:05,127 INFO - trainers.al_trainer - [Iter 2] loss NAN, mse NAN, acyclic NAN, shd 24976, tpr 1.000, fdr 0.991, pred_size 49952
2022-07-06 22:29:05,178 INFO - trainers.al_trainer - Model saved to output/2022-07-06_21-27-33-840/model/
2022-07-06 22:29:05,180 INFO - __main__ - Finished training model
