2022-04-02 09:59:54,501 INFO - helpers.log_helper - Finished configuring logger.
2022-04-02 09:59:54,521 INFO - __main__ - Finished generating dataset
2022-04-02 09:59:55,234 INFO - models.notears - Model summary:
2022-04-02 09:59:55,234 INFO - models.notears - ---------
2022-04-02 09:59:55,235 INFO - models.notears - Variables: name (type shape) [size]
2022-04-02 09:59:55,235 INFO - models.notears - ---------
2022-04-02 09:59:55,236 INFO - models.notears - Variable:0 (float32 282x282) [79524, bytes: 318096]
2022-04-02 09:59:55,236 INFO - models.notears - Total size of variables: 79524
2022-04-02 09:59:55,237 INFO - models.notears - Total bytes of variables: 318096
2022-04-02 09:59:55,282 INFO - trainers.al_trainer - Started training for 20 iterations
2022-04-02 09:59:55,283 INFO - trainers.al_trainer - rho 1.000E+00, alpha 0.000E+00
2022-04-02 10:00:02,237 INFO - trainers.al_trainer - [Iter 1] loss 1.941E+00, mse 7.537E+02, acyclic 4.101E-01, shd 684, tpr 0.000, fdr 1.000, pred_size 149
2022-04-02 10:00:02,238 INFO - trainers.al_trainer - rho 1.000E+00, alpha 4.101E-01
2022-04-02 10:00:08,747 INFO - trainers.al_trainer - rho 1.000E+01, alpha 4.101E-01
2022-04-02 10:00:15,779 INFO - trainers.al_trainer - rho 1.000E+02, alpha 4.101E-01
2022-04-02 10:00:23,111 INFO - trainers.al_trainer - [Iter 2] loss 9.586E-01, mse 3.420E+02, acyclic 4.431E-02, shd 3707, tpr 0.032, fdr 0.995, pred_size 3242
2022-04-02 10:00:23,112 INFO - trainers.al_trainer - rho 1.000E+02, alpha 4.841E+00
2022-04-02 10:00:30,571 INFO - trainers.al_trainer - rho 1.000E+03, alpha 4.841E+00
2022-04-02 10:00:38,203 INFO - trainers.al_trainer - rho 1.000E+04, alpha 4.841E+00
2022-04-02 10:00:45,843 INFO - trainers.al_trainer - [Iter 3] loss 1.325E+00, mse 4.544E+02, acyclic 5.951E-03, shd 5547, tpr 0.058, fdr 0.994, pred_size 5124
2022-04-02 10:00:45,844 INFO - trainers.al_trainer - rho 1.000E+04, alpha 6.435E+01
2022-04-02 10:00:53,516 INFO - trainers.al_trainer - rho 1.000E+05, alpha 6.435E+01
2022-04-02 10:01:01,195 INFO - trainers.al_trainer - rho 1.000E+06, alpha 6.435E+01
2022-04-02 10:01:09,187 INFO - trainers.al_trainer - [Iter 4] loss 1.958E+00, mse 7.337E+02, acyclic 4.883E-04, shd 6888, tpr 0.071, fdr 0.994, pred_size 6488
2022-04-02 10:01:09,188 INFO - trainers.al_trainer - rho 1.000E+06, alpha 5.526E+02
2022-04-02 10:01:16,859 INFO - trainers.al_trainer - rho 1.000E+07, alpha 5.526E+02
2022-04-02 10:01:24,814 INFO - trainers.al_trainer - [Iter 5] loss 2.137E+00, mse 8.302E+02, acyclic 9.155E-05, shd 6245, tpr 0.071, fdr 0.993, pred_size 5839
2022-04-02 10:01:24,815 INFO - trainers.al_trainer - rho 1.000E+07, alpha 1.468E+03
2022-04-02 10:01:32,780 INFO - trainers.al_trainer - rho 1.000E+08, alpha 1.468E+03
2022-04-02 10:01:40,795 INFO - trainers.al_trainer - rho 1.000E+09, alpha 1.468E+03
2022-04-02 10:01:48,844 INFO - trainers.al_trainer - rho 1.000E+10, alpha 1.468E+03
2022-04-02 10:01:56,869 INFO - trainers.al_trainer - [Iter 6] loss 4.564E+00, mse 1.853E+03, acyclic 0.000E+00, shd 4892, tpr 0.049, fdr 0.994, pred_size 4453
2022-04-02 10:01:56,870 INFO - trainers.al_trainer - Early stopping at 6-th iteration
2022-04-02 10:01:56,912 INFO - trainers.al_trainer - Model saved to output/DEGs/2022-04-02_22-59-54-501/model/
2022-04-02 10:01:56,914 INFO - __main__ - Finished training model
2022-04-02 10:01:57,283 INFO - __main__ - Thresholding.
2022-04-02 10:01:57,592 INFO - __main__ - Results after thresholding by 0.5: {'fdr': 0.9950181159420289, 'tpr': 0.020522388059701493, 'fpr': 0.05621082256620187, 'shd': 2697, 'pred_size': 2208}
