2022-04-13 14:46:38,619 INFO - helpers.log_helper - Finished configuring logger.
2022-04-13 14:46:38,628 INFO - __main__ - Finished generating dataset
2022-04-13 14:46:39,297 INFO - models.notears - Model summary:
2022-04-13 14:46:39,297 INFO - models.notears - ---------
2022-04-13 14:46:39,297 INFO - models.notears - Variables: name (type shape) [size]
2022-04-13 14:46:39,297 INFO - models.notears - ---------
2022-04-13 14:46:39,298 INFO - models.notears - Variable:0 (float32 100x100) [10000, bytes: 40000]
2022-04-13 14:46:39,298 INFO - models.notears - Total size of variables: 10000
2022-04-13 14:46:39,298 INFO - models.notears - Total bytes of variables: 40000
2022-04-13 14:46:39,322 INFO - trainers.al_trainer - Started training for 20 iterations
2022-04-13 14:46:39,322 INFO - trainers.al_trainer - rho 1.000E+00, alpha 0.000E+00
2022-04-13 14:46:43,643 INFO - trainers.al_trainer - [Iter 1] loss 3.702E+01, mse 3.665E+04, acyclic 8.621E-01, shd 38, tpr 0.550, fdr 0.283, pred_size 46
2022-04-13 14:46:43,648 INFO - trainers.al_trainer - rho 1.000E+00, alpha 8.621E-01
2022-04-13 14:46:47,118 INFO - trainers.al_trainer - rho 1.000E+01, alpha 8.621E-01
2022-04-13 14:46:50,582 INFO - trainers.al_trainer - rho 1.000E+02, alpha 8.621E-01
2022-04-13 14:46:54,038 INFO - trainers.al_trainer - [Iter 2] loss 3.939E+01, mse 3.880E+04, acyclic 1.009E-01, shd 34, tpr 0.433, fdr 0.000, pred_size 26
2022-04-13 14:46:54,039 INFO - trainers.al_trainer - rho 1.000E+02, alpha 1.095E+01
2022-04-13 14:46:57,504 INFO - trainers.al_trainer - rho 1.000E+03, alpha 1.095E+01
2022-04-13 14:47:00,962 INFO - trainers.al_trainer - rho 1.000E+04, alpha 1.095E+01
2022-04-13 14:47:04,417 INFO - trainers.al_trainer - [Iter 3] loss 4.187E+01, mse 4.131E+04, acyclic 9.537E-03, shd 27, tpr 0.583, fdr 0.103, pred_size 39
2022-04-13 14:47:04,417 INFO - trainers.al_trainer - rho 1.000E+04, alpha 1.063E+02
2022-04-13 14:47:07,886 INFO - trainers.al_trainer - rho 1.000E+05, alpha 1.063E+02
2022-04-13 14:47:11,349 INFO - trainers.al_trainer - [Iter 4] loss 4.310E+01, mse 4.259E+04, acyclic 2.304E-03, shd 24, tpr 0.633, fdr 0.116, pred_size 43
2022-04-13 14:47:11,349 INFO - trainers.al_trainer - rho 1.000E+05, alpha 3.367E+02
2022-04-13 14:47:14,812 INFO - trainers.al_trainer - rho 1.000E+06, alpha 3.367E+02
2022-04-13 14:47:18,269 INFO - trainers.al_trainer - rho 1.000E+07, alpha 3.367E+02
2022-04-13 14:47:21,720 INFO - trainers.al_trainer - [Iter 5] loss 4.429E+01, mse 4.404E+04, acyclic 1.907E-04, shd 24, tpr 0.633, fdr 0.136, pred_size 44
2022-04-13 14:47:21,720 INFO - trainers.al_trainer - rho 1.000E+07, alpha 2.244E+03
2022-04-13 14:47:25,186 INFO - trainers.al_trainer - rho 1.000E+08, alpha 2.244E+03
2022-04-13 14:47:28,658 INFO - trainers.al_trainer - [Iter 6] loss 4.479E+01, mse 4.458E+04, acyclic 4.578E-05, shd 24, tpr 0.633, fdr 0.136, pred_size 44
2022-04-13 14:47:28,659 INFO - trainers.al_trainer - rho 1.000E+08, alpha 6.822E+03
2022-04-13 14:47:32,109 INFO - trainers.al_trainer - rho 1.000E+09, alpha 6.822E+03
2022-04-13 14:47:35,582 INFO - trainers.al_trainer - [Iter 7] loss 4.476E+01, mse 4.476E+04, acyclic 0.000E+00, shd 24, tpr 0.633, fdr 0.136, pred_size 44
2022-04-13 14:47:35,583 INFO - trainers.al_trainer - Early stopping at 7-th iteration
2022-04-13 14:47:35,624 INFO - trainers.al_trainer - Model saved to output/n_500_d_100_e_60_ER/2022-04-14_03-46-38-618/model/
2022-04-13 14:47:35,625 INFO - __main__ - Finished training model
2022-04-13 14:47:35,791 INFO - __main__ - Results: {'fdr': 0.9939393939393939, 'tpr': 1.0, 'fpr': 2.0122699386503067, 'shd': 4950, 'pred_size': 9900}
2022-04-13 14:47:35,792 INFO - __main__ - Thresholding.
2022-04-13 14:47:35,948 INFO - __main__ - Results after thresholding by 0.3: {'fdr': 0.13636363636363635, 'tpr': 0.6333333333333333, 'fpr': 0.001226993865030675, 'shd': 24, 'pred_size': 44}
2022-04-13 14:47:35,948 INFO - __main__ - The time used to execute this is given below
2022-04-13 14:47:35,948 INFO - __main__ - 58.91377091407776
